        -:    0:Source:include/builder.h
        -:    0:Graph:/home/james/.local/src/iakobvs-workspace/jstring/build/obj/builder.gcno
        -:    0:Data:/home/james/.local/src/iakobvs-workspace/jstring/build/obj/builder.gcda
        -:    0:Runs:39
        -:    1:/* SPDX-License-Identifier: MIT */
        -:    2:/* Copyright (c) 2023-2026 James Tirta Halim <tirtajames45 at gmail dot com> */
        -:    3:
        -:    4:#ifndef JSTR_BUILDER_H
        -:    5:#	define JSTR_BUILDER_H 1
        -:    6:
        -:    7:#	include "macros.h"
        -:    8:#	include "struct.h"
        -:    9:
        -:   10:JSTR_INTERNAL_BEGIN_DECLS
        -:   11:#	include <errno.h>
        -:   12:#	include <limits.h>
        -:   13:#	include <stdarg.h>
        -:   14:#	include <stdio.h>
        -:   15:#	include <stdlib.h>
        -:   16:#	include <string.h>
        -:   17:#	include <wchar.h>
        -:   18:JSTR_INTERNAL_END_DECLS
        -:   19:
        -:   20:#ifdef JSTR_IMPLEMENTATION
        -:   21:#undef JSTR_IMPLEMENTATION
        -:   22:#	include "config.h"
        -:   23:#	include "ctype.h"
        -:   24:#	include "macros.h"
        -:   25:#	include "stdstring.h"
        -:   26:#	include "string.h"
        -:   27:#define JSTR_IMPLEMENTATION 1
        -:   28:#endif
        -:   29:
        -:   30:#	define R JSTR_RESTRICT
        -:   31:
        -:   32:#	define JSTR_GROWTH 2
        -:   33:
        -:   34:#	define JSTR_INIT  \
        -:   35:		{          \
        -:   36:			0, \
        -:   37:			0, \
        -:   38:			0  \
        -:   39:		}
        -:   40:
        -:   41:#	define jstr_foreach(j, p) \
        -:   42:		for (char *p = ((j)->data), *_jstr_internal_foreach_end_##p = ((j)->data) + ((j)->size); p < _jstr_internal_foreach_end_##p; ++p)
        -:   43:#	define jstr_foreachi(j, i) \
        -:   44:		for (size_t i = 0, const _jstr_internal_foreachi_end_##i = ((j)->size); i < _jstr_internal_foreachi_end_##i; ++i)
        -:   45:#	define jstr_index(j, curr) JSTR_DIFF(curr, (j)->data)
        -:   46:#	define jstr_internal_at(j, i)      ((j)->data + (i))
        -:   47:#	define jstr_start(j)       ((j)->data)
        -:   48:#	define jstr_end(j)         ((j)->data + (j)->size)
        -:   49:#	ifdef JSTR_DEBUG
        -:   50:#		define jstr_at(j, i) \
        -:   51:			((i <= (j)->size) ? ((j)->data + (i)) : assert(i <= (j)->size), ((j)->data))
        -:   52:#	else
        -:   53:#		define jstr_at(j, i) ((j)->data + (i))
        -:   54:#	endif
        -:   55:
        -:   56:JSTR_INTERNAL_BEGIN_DECLS
        -:   57:
        -:   58:/* Set first char to NUL and size to zero. */
        -:   59:JSTR_FUNC_VOID
        -:   60:void
    50665:   61:jstr_empty(char *R s, size_t *R sz) JSTR_NOEXCEPT
        -:   62:#ifdef JSTR_IMPLEMENTATION
        -:   63:{
    50665:   64:	if (jstr_likely(s != NULL))
    50663:   65:		*s = '\0';
    50665:   66:	*sz = 0;
    50665:   67:}
        -:   68:#else
        -:   69:;
        -:   70:#endif
        -:   71:
        -:   72:JSTR_FUNC_VOID
        -:   73:jstr_ret_ty
    #####:   74:jstr_debug(const jstr_ty *j) JSTR_NOEXCEPT
        -:   75:#ifdef JSTR_IMPLEMENTATION
        -:   76:{
        -:   77:	int ret;
    #####:   78:	ret = fprintf(stderr, "size       :%zu.\n"
        -:   79:	                      "capacity     :%zu.\n",
    #####:   80:	              j->size,
    #####:   81:	              j->capacity);
    #####:   82:	if (jstr_unlikely(ret < 0)) {
    #####:   83:		JSTR_RETURN_ERR(JSTR_RET_ERR);
        -:   84:	}
        -:   85:	const char *data;
        -:   86:	size_t size;
    #####:   87:	if (jstr_likely(j->data != NULL)) {
    #####:   88:		data = j->data;
    #####:   89:		size = strlen(data);
        -:   90:	} else {
    #####:   91:		data = "(null)";
    #####:   92:		size = 0;
        -:   93:	}
    #####:   94:	ret = fprintf(stderr, "strlen.  :%zu.\n", size);
    #####:   95:	if (jstr_unlikely(ret < 0)) {
    #####:   96:		JSTR_RETURN_ERR(JSTR_RET_ERR);
        -:   97:	}
    #####:   98:	ret = fprintf(stderr, "data puts.%s.\n", data);
    #####:   99:	if (jstr_unlikely(ret < 0)) {
    #####:  100:		JSTR_RETURN_ERR(JSTR_RET_ERR);
        -:  101:	}
    #####:  102:	ret = fputs("data       :", stderr);
    #####:  103:	if (jstr_unlikely(ret < 0)) {
    #####:  104:		JSTR_RETURN_ERR(JSTR_RET_ERR);
        -:  105:	}
    #####:  106:	jstr_io_fwrite(j->data, 1, j->size, stderr);
    #####:  107:	if (jstr_unlikely(ferror(stderr)))
    #####:  108:		JSTR_RETURN_ERR(JSTR_RET_ERR);
    #####:  109:	ret = fputs(".\n", stderr);
    #####:  110:	if (jstr_unlikely(ret < 0)) {
    #####:  111:		JSTR_RETURN_ERR(JSTR_RET_ERR);
        -:  112:	}
    #####:  113:	return JSTR_RET_SUCC;
        -:  114:}
        -:  115:#else
        -:  116:;
        -:  117:#endif
        -:  118:
        -:  119:/* free(p) and set p to NULL. */
        -:  120:JSTR_FUNC_VOID
        -:  121:void
      526:  122:jstr_free(char *R *R s, size_t *R sz, size_t *R cap) JSTR_NOEXCEPT
        -:  123:#ifdef JSTR_IMPLEMENTATION
        -:  124:{
      526:  125:	free(*s);
      526:  126:	*s = NULL;
      526:  127:	*cap = 0;
      526:  128:	*sz = 0;
      526:  129:}
        -:  130:#else
        -:  131:;
        -:  132:#endif
        -:  133:
        -:  134:/* free(p) and set p to NULL. */
        -:  135:JSTR_FUNC_VOID
        -:  136:void
        9:  137:jstr_free_j(jstr_ty *j) JSTR_NOEXCEPT
        -:  138:#ifdef JSTR_IMPLEMENTATION
        -:  139:{
        9:  140:	jstr_free(&j->data, &j->size, &j->capacity);
        9:  141:}
        -:  142:#else
        -:  143:;
        -:  144:#endif
        -:  145:
        -:  146:/* Return JSTR_RET_ERR on malloc error.
        -:  147: * NEW_CAP must include NUL. */
        -:  148:JSTR_FUNC
        -:  149:jstr_ret_ty
   838177:  150:jstr_reservealways(char *R *R s, size_t *R sz, size_t *R cap, size_t new_cap) JSTR_NOEXCEPT
        -:  151:#ifdef JSTR_IMPLEMENTATION
        -:  152:{
   838177:  153:	size_t old_cap = JSTR_MAX(*cap, JSTR_MIN_CAP);
  1690568:  154:	while (old_cap < new_cap)
   852391:  155:		old_cap *= JSTR_GROWTH;
   838177:  156:	char *tmp = (char *)realloc(*s, old_cap);
   838177:  157:	if (jstr_nullchk(tmp))
    #####:  158:		JSTR_RETURN_ERR(JSTR_RET_ERR);
   838177:  159:	*cap = old_cap;
   838177:  160:	*s = tmp;
   838177:  161:	return JSTR_RET_SUCC;
        -:  162:	(void)sz;
        -:  163:}
        -:  164:#else
        -:  165:;
        -:  166:#endif
        -:  167:
        -:  168:/* Do nothing if new_cap < cap.
        -:  169: * Return JSTR_RET_ERR on malloc error.
        -:  170: * NEW_CAP must include NUL. */
        -:  171:JSTR_FUNC
        -:  172:jstr_ret_ty
  2458545:  173:jstr_reserve(char *R *R s, size_t *R sz, size_t *R cap, size_t new_cap) JSTR_NOEXCEPT
        -:  174:#ifdef JSTR_IMPLEMENTATION
        -:  175:{
  2458545:  176:	if (new_cap <= *cap)
  1622965:  177:		return JSTR_RET_SUCC;
   835580:  178:	return jstr_reservealways(s, sz, cap, new_cap);
        -:  179:}
        -:  180:#else
        -:  181:;
        -:  182:#endif
        -:  183:
        -:  184:/* Return JSTR_RET_ERR on malloc error.
        -:  185: * NEW_CAP must include NUL. */
        -:  186:JSTR_FUNC
        -:  187:jstr_ret_ty
    12289:  188:jstr_reserveexactalways(char *R *R s, size_t *R sz, size_t *R cap, size_t new_cap) JSTR_NOEXCEPT
        -:  189:#ifdef JSTR_IMPLEMENTATION
        -:  190:{
    12289:  191:	if (jstr_likely(new_cap != 0)) {
    12289:  192:		*cap = new_cap;
    12289:  193:		char *tmp = (char *)realloc(*s, *cap);
    12289:  194:		if (jstr_nullchk(tmp))
    #####:  195:			JSTR_RETURN_ERR(JSTR_RET_ERR);
    12289:  196:		*s = tmp;
        -:  197:	}
    12289:  198:	return JSTR_RET_SUCC;
        -:  199:	(void)sz;
        -:  200:}
        -:  201:#else
        -:  202:;
        -:  203:#endif
        -:  204:
        -:  205:/* Do nothing if new_cap < cap.
        -:  206: * Return JSTR_RET_ERR on malloc error.
        -:  207: * NEW_CAP must include NUL. */
        -:  208:JSTR_FUNC
        -:  209:jstr_ret_ty
    10241:  210:jstr_reserveexact(char *R *R s, size_t *R sz, size_t *R cap, size_t new_cap) JSTR_NOEXCEPT
        -:  211:#ifdef JSTR_IMPLEMENTATION
        -:  212:{
    10241:  213:	if (new_cap < *cap)
     5762:  214:		return JSTR_RET_SUCC;
     4479:  215:	return jstr_reserveexactalways(s, sz, cap, new_cap);
        -:  216:}
        -:  217:#else
        -:  218:;
        -:  219:#endif
        -:  220:
        -:  221:JSTR_FUNC
        -:  222:jstr_ret_ty
     5250:  223:jstr_shrink_to_fit(char *R *R s, size_t *R sz, size_t *R cap) JSTR_NOEXCEPT
        -:  224:#ifdef JSTR_IMPLEMENTATION
        -:  225:{
     5250:  226:	return jstr_reserveexactalways(s, sz, cap, *sz + 1);
        -:  227:}
        -:  228:#else
        -:  229:;
        -:  230:#endif
        -:  231:
        -:  232:JSTR_FUNC
        -:  233:jstr_ret_ty
    #####:  234:jstr_io_print(const jstr_ty *j) JSTR_NOEXCEPT
        -:  235:#ifdef JSTR_IMPLEMENTATION
        -:  236:{
    #####:  237:	return jstr_io_fwrite(j->data, 1, j->size, stdout) == j->size ? JSTR_RET_SUCC : JSTR_RET_ERR;
        -:  238:}
        -:  239:#else
        -:  240:;
        -:  241:#endif
        -:  242:
        -:  243:JSTR_FUNC
        -:  244:jstr_ret_ty
    #####:  245:jstr_io_println(const jstr_ty *j) JSTR_NOEXCEPT
        -:  246:#ifdef JSTR_IMPLEMENTATION
        -:  247:{
    #####:  248:	if (jstr_unlikely(jstr_io_fwrite(j->data, 1, j->size, stdout) != j->size))
    #####:  249:		JSTR_RETURN_ERR(JSTR_RET_ERR);
    #####:  250:	if (jstr_unlikely(jstr_io_putchar('\n') == EOF))
    #####:  251:		JSTR_RETURN_ERR(JSTR_RET_ERR);
    #####:  252:	return JSTR_RET_SUCC;
        -:  253:}
        -:  254:#else
        -:  255:;
        -:  256:#endif
        -:  257:
        -:  258:JSTR_FUNC
        -:  259:jstr_ret_ty
     5123:  260:jstr_internal_cat(char *R *R s, size_t *R sz, size_t *R cap, va_list ap, size_t arg_len) JSTR_NOEXCEPT
        -:  261:#ifdef JSTR_IMPLEMENTATION
        -:  262:{
        -:  263:	char *p;
     5123:  264:	if (jstr_chk(jstr_reserve(s, sz, cap, *sz + arg_len + 1)))
    #####:  265:		JSTR_RETURN_ERR(JSTR_RET_ERR);
     5123:  266:	p = *s + *sz;
     5123:  267:	*sz += arg_len;
        -:  268:	const char *arg;
    17930:  269:	for (; (arg = va_arg(ap, const char *)); p = jstr_stpcpy(p, arg)) {}
     5123:  270:	return JSTR_RET_SUCC;
        -:  271:}
        -:  272:#else
        -:  273:;
        -:  274:#endif
        -:  275:
        -:  276:/* Last arg must be NULL.
        -:  277: * Return value:
        -:  278: * JSTR_RET_ERR on malloc error.
        -:  279: * Otherwise, JSTR_RET_SUCC. */
        -:  280:JSTR_ATTR_SENTINEL
        -:  281:JSTR_FUNC_MAY_NULL
        -:  282:JSTR_NONNULL((1))
        -:  283:JSTR_NONNULL((2))
        -:  284:JSTR_NONNULL((3))
        -:  285:jstr_ret_ty
     5123:  286:jstr_cat(char *R *R s, size_t *R sz, size_t *R cap, ...) JSTR_NOEXCEPT
        -:  287:#ifdef JSTR_IMPLEMENTATION
        -:  288:{
        -:  289:	va_list ap;
     5123:  290:	va_start(ap, cap);
     5123:  291:	size_t arg_len = 0;
        -:  292:	const char *arg;
    17930:  293:	for (; (arg = va_arg(ap, const char *)); arg_len += strlen(arg)) {}
     5123:  294:	va_end(ap);
     5123:  295:	if (jstr_unlikely(arg_len == 0))
    #####:  296:		return JSTR_RET_SUCC;
     5123:  297:	va_start(ap, cap);
     5123:  298:	const jstr_ret_ty ret = jstr_internal_cat(s, sz, cap, ap, arg_len);
     5123:  299:	va_end(ap);
     5123:  300:	return ret;
        -:  301:}
        -:  302:#else
        -:  303:;
        -:  304:#endif
        -:  305:
        -:  306:/* Last arg must be NULL.
        -:  307: * Return value:
        -:  308: * JSTR_RET_ERR on malloc error.
        -:  309: * Otherwise, JSTR_RET_SUCC. */
        -:  310:JSTR_ATTR_SENTINEL
        -:  311:JSTR_FUNC_MAY_NULL
        -:  312:JSTR_NONNULL((1))
        -:  313:jstr_ret_ty
    #####:  314:jstr_cat_j(jstr_ty *j, ...) JSTR_NOEXCEPT
        -:  315:#ifdef JSTR_IMPLEMENTATION
        -:  316:{
        -:  317:	va_list ap;
    #####:  318:	va_start(ap, j);
    #####:  319:	size_t arg_len = 0;
        -:  320:	const char *arg;
    #####:  321:	for (; (arg = va_arg(ap, const char *)); arg_len += strlen(arg)) {}
    #####:  322:	va_end(ap);
    #####:  323:	if (jstr_unlikely(arg_len == 0))
    #####:  324:		return JSTR_RET_SUCC;
    #####:  325:	va_start(ap, j);
    #####:  326:	const jstr_ret_ty ret = jstr_internal_cat(&j->data, &j->size, &j->capacity, ap, arg_len);
    #####:  327:	va_end(ap);
    #####:  328:	return ret;
        -:  329:}
        -:  330:#else
        -:  331:;
        -:  332:#endif
        -:  333:
        -:  334:/* Return ptr to '\0' in S. */
        -:  335:JSTR_ATTR_ACCESS((__read_only__, 3, 4))
        -:  336:JSTR_FUNC
        -:  337:char *
     2562:  338:jstr_append_len_unsafe_p(char *R s, size_t sz, const char *R src, size_t src_len) JSTR_NOEXCEPT
        -:  339:#ifdef JSTR_IMPLEMENTATION
        -:  340:{
     2562:  341:	return jstr_stpcpy_len(s + sz, src, src_len);
        -:  342:}
        -:  343:#else
        -:  344:;
        -:  345:#endif
        -:  346:
        -:  347:JSTR_FUNC_VOID
        -:  348:void
    #####:  349:jstr_append_unsafe(char *R s, size_t sz, const char *R src) JSTR_NOEXCEPT
        -:  350:#ifdef JSTR_IMPLEMENTATION
        -:  351:{
    #####:  352:	strcpy(s + sz, src);
    #####:  353:}
        -:  354:#else
        -:  355:;
        -:  356:#endif
        -:  357:
        -:  358:/* Return ptr to '\0' in S. */
        -:  359:JSTR_FUNC
        -:  360:char *
    #####:  361:jstr_append_unsafe_p(char *R s, size_t sz, const char *R src) JSTR_NOEXCEPT
        -:  362:#ifdef JSTR_IMPLEMENTATION
        -:  363:{
    #####:  364:	return jstr_stpcpy(s + sz, src);
        -:  365:}
        -:  366:#else
        -:  367:;
        -:  368:#endif
        -:  369:
        -:  370:/* Append SRC to DST.
        -:  371: * Return value:
        -:  372: * JSTR_RET_ERR on malloc error.
        -:  373: * Otherwise, JSTR_RET_SUCC. */
        -:  374:JSTR_FUNC
        -:  375:jstr_ret_ty
     2562:  376:jstr_append_len(char *R *R s, size_t *R sz, size_t *R cap, const char *R src, size_t src_len) JSTR_NOEXCEPT
        -:  377:#ifdef JSTR_IMPLEMENTATION
        -:  378:{
     2562:  379:	if (jstr_chk(jstr_reserve(s, sz, cap, *sz + src_len + 1)))
    #####:  380:		JSTR_RETURN_ERR(JSTR_RET_ERR);
     2562:  381:	*sz = JSTR_DIFF(jstr_append_len_unsafe_p(*s, *sz, src, src_len), *s);
     2562:  382:	return JSTR_RET_SUCC;
        -:  383:}
        -:  384:#else
        -:  385:;
        -:  386:#endif
        -:  387:
        -:  388:JSTR_FUNC_VOID
        -:  389:void
     2551:  390:jstr_strset(char *s, int c) JSTR_NOEXCEPT
        -:  391:#ifdef JSTR_IMPLEMENTATION
        -:  392:{
     2551:  393:	memset(s, c, strlen(s));
     2551:  394:}
        -:  395:#else
        -:  396:;
        -:  397:#endif
        -:  398:
        -:  399:JSTR_FUNC
        -:  400:char *
     2560:  401:jstr_assignnchr_unsafe_p(char *s, int c, size_t n) JSTR_NOEXCEPT
        -:  402:#ifdef JSTR_IMPLEMENTATION
        -:  403:{
     2560:  404:	memset(s, c, n);
     2560:  405:	*(s + n) = '\0';
     2560:  406:	return s + n;
        -:  407:}
        -:  408:#else
        -:  409:;
        -:  410:#endif
        -:  411:
        -:  412:JSTR_FUNC
        -:  413:jstr_ret_ty
     5120:  414:jstr_assignnchr(char *R *R s, size_t *R sz, size_t *R cap, int c, size_t n) JSTR_NOEXCEPT
        -:  415:#ifdef JSTR_IMPLEMENTATION
        -:  416:{
     5120:  417:	if (n > *sz) {
       37:  418:		if (jstr_chk(jstr_reservealways(s, sz, cap, n + 1)))
    #####:  419:			JSTR_RETURN_ERR(JSTR_RET_ERR);
       37:  420:		*(*s + n) = '\0';
       37:  421:		*sz = n;
        -:  422:	}
     5120:  423:	memset(*s, c, n);
     5120:  424:	return JSTR_RET_SUCC;
        -:  425:}
        -:  426:#else
        -:  427:;
        -:  428:#endif
        -:  429:
        -:  430:/* Append N Cs to end of S. */
        -:  431:JSTR_FUNC
        -:  432:char *
     5120:  433:jstr_pushbackn_len_unsafe_p(char *s, size_t sz, int c, size_t n) JSTR_NOEXCEPT
        -:  434:#ifdef JSTR_IMPLEMENTATION
        -:  435:{
     5120:  436:	return (char *)memset(s + sz, c, n) + n;
        -:  437:}
        -:  438:#else
        -:  439:;
        -:  440:#endif
        -:  441:
        -:  442:/* Append N Cs to end of S. */
        -:  443:JSTR_FUNC
        -:  444:jstr_ret_ty
     5120:  445:jstr_pushbackn(char *R *R s, size_t *R sz, size_t *R cap, int c, size_t n) JSTR_NOEXCEPT
        -:  446:#ifdef JSTR_IMPLEMENTATION
        -:  447:{
     5120:  448:	if (jstr_chk(jstr_reserve(s, sz, cap, *sz + n + 1)))
    #####:  449:		JSTR_RETURN_ERR(JSTR_RET_ERR);
     5120:  450:	*sz = JSTR_DIFF(jstr_pushbackn_len_unsafe_p(*s, *sz, c, n), *s);
     5120:  451:	return JSTR_RET_SUCC;
        -:  452:}
        -:  453:#else
        -:  454:;
        -:  455:#endif
        -:  456:
        -:  457:/* Prepend N Cs to S. */
        -:  458:JSTR_FUNC
        -:  459:char *
     5120:  460:jstr_pushfrontn_len_unsafe_p(char *s, size_t sz, int c, size_t n) JSTR_NOEXCEPT
        -:  461:#ifdef JSTR_IMPLEMENTATION
        -:  462:{
     5120:  463:	jstr_strmove_len(s + n, s, sz);
     5120:  464:	return (char *)jstr_mempset(s, c, n) + sz;
        -:  465:}
        -:  466:#else
        -:  467:;
        -:  468:#endif
        -:  469:
        -:  470:/* Prepend N Cs to S. */
        -:  471:JSTR_FUNC
        -:  472:jstr_ret_ty
     5120:  473:jstr_pushfrontn(char *R *R s, size_t *R sz, size_t *R cap, int c, size_t n) JSTR_NOEXCEPT
        -:  474:#ifdef JSTR_IMPLEMENTATION
        -:  475:{
     5120:  476:	if (jstr_chk(jstr_reserve(s, sz, cap, *sz + n + 1)))
    #####:  477:		JSTR_RETURN_ERR(JSTR_RET_ERR);
     5120:  478:	*sz = JSTR_DIFF(jstr_pushfrontn_len_unsafe_p(*s, *sz, c, n), *s);
     5120:  479:	return JSTR_RET_SUCC;
        -:  480:}
        -:  481:#else
        -:  482:;
        -:  483:#endif
        -:  484:
        -:  485:/* Only prepend NUL if S is empty.
        -:  486: * Return value:
        -:  487: * JSTR_RET_ERR on malloc error.
        -:  488: * Otherwise, JSTR_RET_SUCC. */
        -:  489:JSTR_ATTR_ACCESS((__read_only__, 3, 4))
        -:  490:JSTR_FUNC
        -:  491:char *
     7681:  492:jstr_prepend_len_unsafe_p(char *R s, size_t sz, const char *R src, size_t src_len) JSTR_NOEXCEPT
        -:  493:#ifdef JSTR_IMPLEMENTATION
        -:  494:{
     7681:  495:	if (jstr_likely(sz != 0))
     7679:  496:		jstr_strmove_len(s + src_len, s, sz);
        -:  497:	else
        2:  498:		*(s + src_len) = '\0';
     7681:  499:	memcpy(s, src, src_len);
     7681:  500:	return s + sz + src_len;
        -:  501:}
        -:  502:#else
        -:  503:;
        -:  504:#endif
        -:  505:
        -:  506:/* Only prepend NUL if S is empty.
        -:  507: * Return value:
        -:  508: * JSTR_RET_ERR on malloc error.
        -:  509: * Otherwise, JSTR_RET_SUCC. */
        -:  510:JSTR_FUNC
        -:  511:jstr_ret_ty
     5121:  512:jstr_prepend_len(char *R *R s, size_t *R sz, size_t *R cap, const char *R src, size_t src_len) JSTR_NOEXCEPT
        -:  513:#ifdef JSTR_IMPLEMENTATION
        -:  514:{
     5121:  515:	if (jstr_chk(jstr_reserve(s, sz, cap, *sz + src_len + 1)))
    #####:  516:		JSTR_RETURN_ERR(JSTR_RET_ERR);
     5121:  517:	*sz = JSTR_DIFF(jstr_prepend_len_unsafe_p(*s, *sz, src, src_len), *s);
     5121:  518:	return JSTR_RET_SUCC;
        -:  519:}
        -:  520:#else
        -:  521:;
        -:  522:#endif
        -:  523:
        -:  524:/* Assign SRC to DST.
        -:  525: * S is NUL terminated.
        -:  526: * Return ptr to '\0' in S. */
        -:  527:JSTR_FUNC
        -:  528:char *
     2560:  529:jstr_assign_len_unsafe_p(char *R s, const char *R src, size_t src_len) JSTR_NOEXCEPT
        -:  530:#ifdef JSTR_IMPLEMENTATION
        -:  531:{
     2560:  532:	return jstr_stpcpy_len(s, src, src_len);
        -:  533:}
        -:  534:#else
        -:  535:;
        -:  536:#endif
        -:  537:
        -:  538:/* Assign SRC to DST.
        -:  539: * S is NUL terminated.
        -:  540: * Return value:
        -:  541: * JSTR_RET_ERR on malloc error
        -:  542: * Otherwise, JSTR_RET_SUCC. */
        -:  543:JSTR_FUNC
        -:  544:jstr_ret_ty
    90014:  545:jstr_assign_len(char *R *R s, size_t *R sz, size_t *R cap, const char *R src, size_t src_len) JSTR_NOEXCEPT
        -:  546:#ifdef JSTR_IMPLEMENTATION
        -:  547:{
    90014:  548:	if (jstr_chk(jstr_reserve(s, sz, cap, *sz + src_len + 1)))
    #####:  549:		JSTR_RETURN_ERR(JSTR_RET_ERR);
    90014:  550:	jstr_strcpy_len(*s, src, src_len);
    90014:  551:	*sz = src_len;
    90014:  552:	return JSTR_RET_SUCC;
        -:  553:}
        -:  554:#else
        -:  555:;
        -:  556:#endif
        -:  557:
        -:  558:JSTR_FUNC
        -:  559:char *
     2561:  560:jstr_pushback_unsafe_p(char *s, size_t sz, char c) JSTR_NOEXCEPT
        -:  561:#ifdef JSTR_IMPLEMENTATION
        -:  562:{
     2561:  563:	s += sz;
     2561:  564:	*s = c;
     2561:  565:	*++s = '\0';
     2561:  566:	return s;
        -:  567:}
        -:  568:#else
        -:  569:;
        -:  570:#endif
        -:  571:
        -:  572:/* Push C to end of S.
        -:  573: * S is NUL terminated.
        -:  574: * Return value:
        -:  575: * JSTR_RET_ERR on malloc error.
        -:  576: * Otherwise, JSTR_RET_SUCC. */
        -:  577:JSTR_FUNC
        -:  578:jstr_ret_ty
     2560:  579:jstr_pushback(char *R *R s, size_t *R sz, size_t *R cap, char c) JSTR_NOEXCEPT
        -:  580:#ifdef JSTR_IMPLEMENTATION
        -:  581:{
     2560:  582:	if (jstr_chk(jstr_reserve(s, sz, cap, *sz + 1 + 1)))
    #####:  583:		JSTR_RETURN_ERR(JSTR_RET_ERR);
     2560:  584:	*sz = JSTR_DIFF(jstr_pushback_unsafe_p(*s, *sz, c), *s);
     2560:  585:	return JSTR_RET_SUCC;
        -:  586:}
        -:  587:#else
        -:  588:;
        -:  589:#endif
        -:  590:
        -:  591:JSTR_FUNC_VOID
        -:  592:char *
     2561:  593:jstr_pushfront_unsafe_p(char *s, size_t sz, char c) JSTR_NOEXCEPT
        -:  594:#ifdef JSTR_IMPLEMENTATION
        -:  595:{
     2561:  596:	jstr_strmove_len(s + 1, s, sz);
     2561:  597:	*s = c;
     2561:  598:	return s + sz + 1;
        -:  599:}
        -:  600:#else
        -:  601:;
        -:  602:#endif
        -:  603:
        -:  604:/* Push C to end of S.
        -:  605: * S is NUL terminated.
        -:  606: * Return value:
        -:  607: * JSTR_RET_ERR on malloc error.
        -:  608: * Otherwise, JSTR_RET_SUCC. */
        -:  609:JSTR_FUNC
        -:  610:jstr_ret_ty
     2560:  611:jstr_pushfront(char *R *R s, size_t *R sz, size_t *R cap, char c) JSTR_NOEXCEPT
        -:  612:#ifdef JSTR_IMPLEMENTATION
        -:  613:{
     2560:  614:	if (jstr_chk(jstr_reserve(s, sz, cap, *sz + 1 + 1)))
    #####:  615:		JSTR_RETURN_ERR(JSTR_RET_ERR);
     2560:  616:	*sz = JSTR_DIFF(jstr_pushfront_unsafe_p(*s, *sz, c), *s);
     2560:  617:	return JSTR_RET_SUCC;
        -:  618:}
        -:  619:#else
        -:  620:;
        -:  621:#endif
        -:  622:
        -:  623:/* Pop S[size - 1].
        -:  624: * Return value:
        -:  625: * ptr to '\0' in S.
        -:  626: * Otherwise, S. */
        -:  627:JSTR_FUNC_VOID
        -:  628:char *
     5124:  629:jstr_popback_p(char *s, size_t sz) JSTR_NOEXCEPT
        -:  630:#ifdef JSTR_IMPLEMENTATION
        -:  631:{
     5124:  632:	if (jstr_likely(sz != 0)) {
     5122:  633:		*(s + sz - 1) = '\0';
     5122:  634:		return s + sz - 1;
        -:  635:	}
        2:  636:	return s;
        -:  637:}
        -:  638:#else
        -:  639:;
        -:  640:#endif
        -:  641:
        -:  642:/* Pop s[0].
        -:  643: * Return value:
        -:  644: * ptr to '\0' in S.
        -:  645: * Otherwise, S. */
        -:  646:JSTR_FUNC_VOID
        -:  647:char *
     2565:  648:jstr_popfront_p(char *s, size_t sz) JSTR_NOEXCEPT
        -:  649:#ifdef JSTR_IMPLEMENTATION
        -:  650:{
     2565:  651:	if (jstr_likely(sz != 0)) {
     2564:  652:		memmove(s, s + 1, sz);
     2564:  653:		return s + sz - 1;
        -:  654:	}
        1:  655:	return s;
        -:  656:}
        -:  657:#else
        -:  658:;
        -:  659:#endif
        -:  660:
        -:  661:#	if (defined __STDC_VERSION__ && __STDC_VERSION__ >= 199901L) \
        -:  662:	|| (defined _POSIX_C_SOURCE && _POSIX_C_SOURCE >= 200112L)
        -:  663:#		define JSTR_HAVE_SNPRINTF_STRLEN 1
        -:  664:#	else
        -:  665:#		define JSTR_HAVE_SNPRINTF_STRLEN 0
        -:  666:#	endif
        -:  667:
        -:  668:/* Return maximum size of allocation needed for sprintf.
        -:  669: * The NUL terminator is included.
        -:  670: * Return value:
        -:  671: * size of allocation.
        -:  672: * -1 on error and errno is set. */
        -:  673:JSTR_FUNC
        -:  674:JSTR_ATTR_FORMAT(printf, 2, 0)
        -:  675:int
    15705:  676:jstr_vsprintf_maxlen(va_list ap, const char *fmt) JSTR_NOEXCEPT
        -:  677:#ifdef JSTR_IMPLEMENTATION
        -:  678:{
        -:  679:#	if JSTR_HAVE_SNPRINTF_STRLEN && !JSTR_TEST
    15705:  680:	const int ret = vsnprintf(NULL, 0, fmt, ap);
    15705:  681:	if (jstr_likely(ret > 0) || ret == 0)
    15705:  682:		return ret + 1;
    #####:  683:	JSTR_RETURN_ERR(-1);
        -:  684:#	else
        -:  685:#		define JSTR_INTERNAL_COUNTDIGITS(lflag, base)               \
        -:  686:			if (lflag == L_INT)                          \
        -:  687:				arg_len += INT / base;               \
        -:  688:			else {                                       \
        -:  689:				if (lflag == L_LONG)                 \
        -:  690:					arg_len += LONG / base;      \
        -:  691:				else if (lflag == L_LONG_LONG)       \
        -:  692:					arg_len += LONG_LONG / base; \
        -:  693:				else                                 \
        -:  694:					goto einval;                 \
        -:  695:				lflag = L_INT;                       \
        -:  696:			}
        -:  697:#		define JSTR_INTERNAL_GETMAXDIGITS(length)                                         \
        -:  698:			do {                                                               \
        -:  699:				if (base == B_DEC)                                         \
        -:  700:					arg_len                                            \
        -:  701:					+= (is_thousep) ? DEC_##length : 2 * DEC_##length; \
        -:  702:				else if (base == B_HEX)                                    \
        -:  703:					arg_len                                            \
        -:  704:					+= (is_thousep) ? HEX_##length : 2 * DEC_##length; \
        -:  705:				else                                                       \
        -:  706:					arg_len                                            \
        -:  707:					+= (is_thousep) ? OCT_##length : 2 * DEC_##length; \
        -:  708:			} while (0)
        -:  709:	typedef enum {
        -:  710:		B_DEC = 10,
        -:  711:		B_OCT = 8,
        -:  712:		B_HEX = 16,
        -:  713:	} base_ty; /* base */
        -:  714:	enum {
        -:  715:		L_INT = 0,
        -:  716:		L_LONG,
        -:  717:		L_LONG_LONG,
        -:  718:	}; /* lflag */
        -:  719:	enum {
        -:  720:		WINT = CHAR_BIT * sizeof(wint_t),
        -:  721:		INT = CHAR_BIT * sizeof(int),
        -:  722:		LONG = CHAR_BIT * sizeof(long),
        -:  723:		LONG_LONG = CHAR_BIT * sizeof(long long),
        -:  724:		SIZE = CHAR_BIT * sizeof(size_t),
        -:  725:		UINTPTR = CHAR_BIT * sizeof(uintptr_t),
        -:  726:		FLOAT = 1 + CHAR_BIT * sizeof(float),
        -:  727:		DOUBLE = 1 + CHAR_BIT * sizeof(double),
        -:  728:		DOUBLE_LONG = 1 + CHAR_BIT * sizeof(long double),
        -:  729:		DEC_WINT = 1 + WINT / 10,
        -:  730:		DEC_INT = 1 + INT / 10,
        -:  731:		DEC_LONG = 1 + LONG / 10,
        -:  732:		DEC_LONG_LONG = 1 + LONG_LONG / 10,
        -:  733:		DEC_SIZE = 1 + SIZE / 10,
        -:  734:		DEC_UINTPTR = 1 + UINTPTR / 10,
        -:  735:		OCT_WINT = 1 + WINT / 8,
        -:  736:		OCT_INT = 1 + INT / 8,
        -:  737:		OCT_LONG = 1 + LONG / 8,
        -:  738:		OCT_LONG_LONG = 1 + LONG_LONG / 8,
        -:  739:		OCT_SIZE = 1 + SIZE / 8,
        -:  740:		OCT_UINTPTR = 1 + UINTPTR / 8,
        -:  741:		HEX_WINT = 1 + WINT / 16,
        -:  742:		HEX_INT = 1 + INT / 16,
        -:  743:		HEX_LONG = 1 + LONG / 16,
        -:  744:		HEX_LONG_LONG = 1 + LONG_LONG / 16,
        -:  745:		HEX_SIZE = 1 + SIZE / 16,
        -:  746:		HEX_UINTPTR = 1 + UINTPTR / 16,
        -:  747:	}; /* sizeof */
        -:  748:	/* Use size_t because we are calculating the length for the
        -:  749:	 * buffer conservatively and it may be much larger than the
        -:  750:	 * actual length. */
        -:  751:	const char *arg;
        -:  752:	size_t arg_len = 0;
        -:  753:	unsigned int errno_len = 0;
        -:  754:	int lflag = L_INT;
        -:  755:	int is_pad = 0;
        -:  756:	int is_thousep = 0;
        -:  757:	unsigned int pad_len;
        -:  758:	base_ty base;
        -:  759:	for (;; ++fmt) {
        -:  760:		if (*fmt == '%') {
        -:  761:cont_switch:
        -:  762:			switch (*++fmt) {
        -:  763:			case 's':
        -:  764:				arg = va_arg(ap, const char *);
        -:  765:				arg_len += jstr_likely(arg != NULL) ? strlen(arg) : sizeof("(null)") - 1;
        -:  766:				break;
        -:  767:			case 'c':
        -:  768:				if (jstr_likely(lflag == L_INT)) {
        -:  769:					++arg_len;
        -:  770:				} else if (lflag == L_LONG) {
        -:  771:					arg_len += INT;
        -:  772:					lflag = L_INT;
        -:  773:				} else {
        -:  774:					goto einval;
        -:  775:				}
        -:  776:				goto get_arg;
        -:  777:				/* int */
        -:  778:			case 'u':
        -:  779:			case 'd':
        -:  780:			case 'i': base = B_DEC; goto check_integer;
        -:  781:			case 'x':
        -:  782:			case 'X': base = B_HEX; goto check_integer;
        -:  783:			case 'o':
        -:  784:				base = B_OCT;
        -:  785:				goto check_integer;
        -:  786:check_integer:
        -:  787:				if (lflag == L_INT) {
        -:  788:					JSTR_INTERNAL_GETMAXDIGITS(INT);
        -:  789:				} else {
        -:  790:					if (lflag == L_LONG)
        -:  791:						JSTR_INTERNAL_GETMAXDIGITS(LONG);
        -:  792:					else if (lflag == L_LONG_LONG)
        -:  793:						JSTR_INTERNAL_GETMAXDIGITS(LONG_LONG);
        -:  794:					else
        -:  795:						goto einval;
        -:  796:					lflag = L_INT;
        -:  797:				}
        -:  798:				goto get_arg;
        -:  799:				/* ptr */
        -:  800:			case 'p':
        -:  801:				/* max + 2 to make room for the 0x at
        -:  802:				 * the start of the number. */
        -:  803:				arg_len += jstr_likely(va_arg(ap, const void *) != NULL) ? (HEX_UINTPTR + sizeof("0x") - 1) : sizeof("(nil)") - 1;
        -:  804:				break;
        -:  805:				/* chars written */
        -:  806:			case 'n':
        -:  807:				arg_len += INT;
        -:  808:				break;
        -:  809:				/* double */
        -:  810:			case 'a':
        -:  811:			case 'A':
        -:  812:			case 'e':
        -:  813:			case 'E':
        -:  814:			case 'f':
        -:  815:			case 'F':
        -:  816:			case 'g':
        -:  817:			case 'G':
        -:  818:				if (lflag == L_INT) {
        -:  819:					arg_len += (is_thousep) ? DOUBLE * 2 : DOUBLE;
        -:  820:				} else if (lflag == L_LONG) {
        -:  821:					arg_len += (is_thousep) ? DOUBLE_LONG * 2 : DOUBLE_LONG;
        -:  822:					lflag = L_INT;
        -:  823:				} else {
        -:  824:					goto einval;
        -:  825:				}
        -:  826:				goto get_arg;
        -:  827:			case '%': arg_len += 2; break;
        -:  828:			case 'm':
        -:  829:				if (errno_len == 0)
        -:  830:					arg_len += strlen(strerror(errno));
        -:  831:				else
        -:  832:					arg_len += errno_len;
        -:  833:				break;
        -:  834:			/* padding */
        -:  835:			case '*':
        -:  836:				/* Get length of padding from argument. */
        -:  837:				arg_len += (size_t)va_arg(ap, int);
        -:  838:				goto cont_switch;
        -:  839:			case '-': is_pad = 1; pad_len = 1;
        -:  840:			/* flags */
        -:  841:			case '+':
        -:  842:			case '#':
        -:  843:			case '0':
        -:  844:			case ' ': goto cont_switch;
        -:  845:			case '\'': is_thousep = 1; goto cont_switch;
        -:  846:			/* precision */
        -:  847:			case '.':
        -:  848:				is_pad = 1;
        -:  849:				pad_len = 1;
        -:  850:				goto cont_switch;
        -:  851:			/* length modifier */
        -:  852:			case 'l': ++lflag; goto cont_switch;
        -:  853:			case 't': lflag = UINTPTR; goto cont_switch;
        -:  854:			case 'z': lflag = SIZE; goto cont_switch;
        -:  855:			case 'h':
        -:  856:			case 'j': goto cont_switch;
        -:  857:			case '1':
        -:  858:			case '2':
        -:  859:			case '3':
        -:  860:			case '4':
        -:  861:			case '5':
        -:  862:			case '6':
        -:  863:			case '7':
        -:  864:			case '8':
        -:  865:			case '9':
        -:  866:				if (is_pad) {
        -:  867:					const unsigned char *p = (const unsigned char *)fmt;
        -:  868:					if (!jstr_isdigit(*p)) {
        -:  869:						pad_len = 0;
        -:  870:						goto cont_switch;
        -:  871:					}
        -:  872:					pad_len = *p++ - '0';
        -:  873:					for (; jstr_isdigit(*p); ++p)
        -:  874:						pad_len = (pad_len * 10)
        -:  875:						          + (*p - '0');
        -:  876:					fmt = (char *)p - 1;
        -:  877:					if (jstr_unlikely(pad_len > INT_MAX)) {
        -:  878:						errno = EOVERFLOW;
        -:  879:						JSTR_RETURN_ERR(-1);
        -:  880:					}
        -:  881:					arg_len += pad_len;
        -:  882:				}
        -:  883:				goto cont_switch;
        -:  884:			/* case '\0': */
        -:  885:			default:
        -:  886:einval:
        -:  887:				errno = EINVAL;
        -:  888:				JSTR_RETURN_ERR(-1);
        -:  889:get_arg:
        -:  890:				va_arg(ap, void *);
        -:  891:				break;
        -:  892:			}
        -:  893:			lflag = L_INT;
        -:  894:			is_pad = 0;
        -:  895:			is_thousep = 0;
        -:  896:		} else {
        -:  897:			++arg_len;
        -:  898:			if (jstr_unlikely(*fmt == '\0'))
        -:  899:				break;
        -:  900:		}
        -:  901:	}
        -:  902:	++arg_len;
        -:  903:	if (jstr_unlikely(arg_len > INT_MAX))
        -:  904:		arg_len = INT_MAX;
        -:  905:	return arg_len;
        -:  906:#	endif
        -:  907:#	undef JSTR_INTERNAL_COUNTDIGITS
        -:  908:#	undef JSTR_INTERNAL_GETMAXDIGITS
        -:  909:}
        -:  910:#else
        -:  911:;
        -:  912:#endif
        -:  913:
        -:  914:#	if JSTR_HAVE_SNPRINTF_STRLEN
        -:  915:
        -:  916:/* Return JSTR_RET_ERR on error.
        -:  917: * Referencing arguments with $ is not supported.
        -:  918: * Supported conversions:
        -:  919:   %s - string.
        -:  920:   %c - char.
        -:  921:   %% - %.
        -:  922:   %d, %i, %u, %o, %x, %X - int.
        -:  923:   %a, %A, %e, %E, %f, %F, %g, %G - float/double.
        -:  924:   %zu - size_t.
        -:  925:   %l - long.
        -:  926:   %ll - long long.
        -:  927:   %lu - unsigned long.
        -:  928:   %llu - unsigned long long.
        -:  929:   %p - ptr.
        -:  930:   %n - chars written.
        -:  931:   %m - errno string.
        -:  932: * Otherwise, JSTR_RET_ERR and set errno to EINVAL. */
        -:  933:JSTR_ATTR_FORMAT(printf, 4, 5)
        -:  934:JSTR_FUNC
        -:  935:jstr_ret_ty
     7681:  936:jstr_asprintf(char *R *R s, size_t *R sz, size_t *R cap, const char *R fmt, ...) JSTR_NOEXCEPT
        -:  937:#ifdef JSTR_IMPLEMENTATION
        -:  938:{
        -:  939:	va_list ap;
     7681:  940:	va_start(ap, fmt);
     7681:  941:	int arg_len = jstr_vsprintf_maxlen(ap, fmt);
     7681:  942:	va_end(ap);
     7681:  943:	if (jstr_unlikely(arg_len < 0))
    #####:  944:		JSTR_RETURN_ERR(JSTR_RET_ERR);
     7681:  945:	if (jstr_chk(jstr_reserveexact(s, sz, cap, (size_t)arg_len)))
    #####:  946:		JSTR_RETURN_ERR(JSTR_RET_ERR);
     7681:  947:	va_start(ap, fmt);
     7681:  948:	arg_len = vsprintf(*s, fmt, ap);
     7681:  949:	va_end(ap);
     7681:  950:	if (jstr_unlikely(arg_len < 0))
    #####:  951:		JSTR_RETURN_ERR(JSTR_RET_ERR);
     7681:  952:	*sz = (size_t)arg_len;
     7681:  953:	return JSTR_RET_SUCC;
        -:  954:}
        -:  955:#else
        -:  956:;
        -:  957:#endif
        -:  958:
        -:  959:/* Return JSTR_RET_ERR on error.
        -:  960: * Supports only some conversions: see jstr_asprintf.
        -:  961: * Otherwise, JSTR_RET_ERR and set errno to EINVAL. */
        -:  962:JSTR_ATTR_FORMAT(printf, 2, 3)
        -:  963:JSTR_FUNC
        -:  964:jstr_ret_ty
    #####:  965:jstr_asprintf_j(jstr_ty *R j, const char *R fmt, ...) JSTR_NOEXCEPT
        -:  966:#ifdef JSTR_IMPLEMENTATION
        -:  967:{
        -:  968:	va_list ap;
    #####:  969:	va_start(ap, fmt);
    #####:  970:	int ret = jstr_vsprintf_maxlen(ap, fmt);
    #####:  971:	va_end(ap);
    #####:  972:	if (jstr_unlikely(ret < 0))
    #####:  973:		JSTR_RETURN_ERR(JSTR_RET_ERR);
    #####:  974:	if (jstr_chk(jstr_reserveexact(&j->data, &j->size, &j->capacity, (size_t)ret)))
    #####:  975:		JSTR_RETURN_ERR(JSTR_RET_ERR);
    #####:  976:	va_start(ap, fmt);
    #####:  977:	ret = vsprintf(j->data, fmt, ap);
    #####:  978:	va_end(ap);
    #####:  979:	if (jstr_unlikely(ret < 0))
    #####:  980:		JSTR_RETURN_ERR(JSTR_RET_ERR);
    #####:  981:	j->size = (size_t)ret;
    #####:  982:	return JSTR_RET_SUCC;
        -:  983:}
        -:  984:#else
        -:  985:;
        -:  986:#endif
        -:  987:
        -:  988:/* Append ... to end of S.
        -:  989: * Return JSTR_RET_ERR on error.
        -:  990: * Supports only some conversions: see jstr_asprintf.
        -:  991: * Otherwise, JSTR_RET_ERR and set errno to EINVAL. */
        -:  992:JSTR_ATTR_FORMAT(printf, 4, 5)
        -:  993:JSTR_FUNC
        -:  994:jstr_ret_ty
     5378:  995:jstr_asprintf_append(char *R *R s, size_t *R sz, size_t *R cap, const char *R fmt, ...) JSTR_NOEXCEPT
        -:  996:#ifdef JSTR_IMPLEMENTATION
        -:  997:{
        -:  998:	va_list ap;
     5378:  999:	va_start(ap, fmt);
     5378: 1000:	int ret = jstr_vsprintf_maxlen(ap, fmt);
     5378: 1001:	va_end(ap);
     5378: 1002:	if (jstr_unlikely(ret < 0))
    #####: 1003:		JSTR_RETURN_ERR(JSTR_RET_ERR);
     5378: 1004:	if (jstr_chk(jstr_reserve(s, sz, cap, *sz + (size_t)ret)))
    #####: 1005:		JSTR_RETURN_ERR(JSTR_RET_ERR);
     5378: 1006:	va_start(ap, fmt);
     5378: 1007:	ret = vsprintf(*s + *sz, fmt, ap);
     5378: 1008:	va_end(ap);
     5378: 1009:	if (jstr_unlikely(ret < 0))
    #####: 1010:		JSTR_RETURN_ERR(JSTR_RET_ERR);
     5378: 1011:	*sz += (size_t)ret;
     5378: 1012:	return JSTR_RET_SUCC;
        -: 1013:}
        -: 1014:#else
        -: 1015:;
        -: 1016:#endif
        -: 1017:
        -: 1018:/* Append ... to end of S.
        -: 1019: * Return JSTR_RET_ERR on error.
        -: 1020: * Supports only some conversions: see jstr_asprintf.
        -: 1021: * Otherwise, JSTR_RET_ERR and set errno to EINVAL. */
        -: 1022:JSTR_ATTR_FORMAT(printf, 2, 3)
        -: 1023:JSTR_FUNC
        -: 1024:jstr_ret_ty
    #####: 1025:jstr_asprintf_append_j(jstr_ty *R j, const char *R fmt, ...) JSTR_NOEXCEPT
        -: 1026:#ifdef JSTR_IMPLEMENTATION
        -: 1027:{
        -: 1028:	va_list ap;
    #####: 1029:	va_start(ap, fmt);
    #####: 1030:	int ret = jstr_vsprintf_maxlen(ap, fmt);
    #####: 1031:	va_end(ap);
    #####: 1032:	if (jstr_unlikely(ret < 0))
    #####: 1033:		JSTR_RETURN_ERR(JSTR_RET_ERR);
    #####: 1034:	if (jstr_chk(jstr_reserve(&j->data, &j->size, &j->capacity, j->size + (size_t)ret)))
    #####: 1035:		JSTR_RETURN_ERR(JSTR_RET_ERR);
    #####: 1036:	va_start(ap, fmt);
    #####: 1037:	ret = vsprintf(j->data + j->size, fmt, ap);
    #####: 1038:	va_end(ap);
    #####: 1039:	if (jstr_unlikely(ret < 0))
    #####: 1040:		JSTR_RETURN_ERR(JSTR_RET_ERR);
    #####: 1041:	j->size += (size_t)ret;
    #####: 1042:	return JSTR_RET_SUCC;
        -: 1043:}
        -: 1044:#else
        -: 1045:;
        -: 1046:#endif
        -: 1047:
        -: 1048:/* Return JSTR_RET_ERR on error.
        -: 1049: * Supports only some conversions: see jstr_asprintf.
        -: 1050: * Otherwise, JSTR_RET_ERR and set errno to EINVAL. */
        -: 1051:JSTR_ATTR_FORMAT(printf, 5, 6)
        -: 1052:JSTR_FUNC
        -: 1053:jstr_ret_ty
     2560: 1054:jstr_asprintf_from(char *R *R s, size_t *R sz, size_t *R cap, size_t start_idx, const char *R fmt, ...) JSTR_NOEXCEPT
        -: 1055:#ifdef JSTR_IMPLEMENTATION
        -: 1056:{
        -: 1057:	va_list ap;
     2560: 1058:	va_start(ap, fmt);
     2560: 1059:	int ret = jstr_vsprintf_maxlen(ap, fmt);
     2560: 1060:	va_end(ap);
     2560: 1061:	if (jstr_unlikely(ret < 0))
    #####: 1062:		JSTR_RETURN_ERR(JSTR_RET_ERR);
     2560: 1063:	if (jstr_chk(jstr_reserve(s, sz, cap, start_idx + (size_t)ret)))
    #####: 1064:		JSTR_RETURN_ERR(JSTR_RET_ERR);
     2560: 1065:	va_start(ap, fmt);
     2560: 1066:	ret = vsprintf(*s + start_idx, fmt, ap);
     2560: 1067:	va_end(ap);
     2560: 1068:	if (jstr_unlikely(ret < 0))
    #####: 1069:		JSTR_RETURN_ERR(JSTR_RET_ERR);
     2560: 1070:	*sz = (size_t)ret + start_idx;
     2560: 1071:	return JSTR_RET_SUCC;
        -: 1072:	(void)cap;
        -: 1073:}
        -: 1074:#else
        -: 1075:;
        -: 1076:#endif
        -: 1077:
        -: 1078:/* Return JSTR_RET_ERR on error.
        -: 1079: * Supports only some conversions: see jstr_asprintf.
        -: 1080: * Otherwise, JSTR_RET_ERR and set errno to EINVAL. */
        -: 1081:JSTR_ATTR_FORMAT(printf, 3, 4)
        -: 1082:JSTR_FUNC
        -: 1083:jstr_ret_ty
    #####: 1084:jstr_asprintf_from_j(jstr_ty *R j, size_t start_idx, const char *R fmt, ...) JSTR_NOEXCEPT
        -: 1085:#ifdef JSTR_IMPLEMENTATION
        -: 1086:{
        -: 1087:	va_list ap;
    #####: 1088:	va_start(ap, fmt);
    #####: 1089:	int ret = jstr_vsprintf_maxlen(ap, fmt);
    #####: 1090:	va_end(ap);
    #####: 1091:	if (jstr_unlikely(ret < 0))
    #####: 1092:		JSTR_RETURN_ERR(JSTR_RET_ERR);
    #####: 1093:	if (jstr_chk(jstr_reserve(&j->data, &j->size, &j->capacity, start_idx + (size_t)ret)))
    #####: 1094:		JSTR_RETURN_ERR(JSTR_RET_ERR);
    #####: 1095:	va_start(ap, fmt);
    #####: 1096:	ret = vsprintf(j->data + start_idx, fmt, ap);
    #####: 1097:	va_end(ap);
    #####: 1098:	if (jstr_unlikely(ret < 0))
    #####: 1099:		JSTR_RETURN_ERR(JSTR_RET_ERR);
    #####: 1100:	j->size = (size_t)ret + start_idx;
    #####: 1101:	return JSTR_RET_SUCC;
        -: 1102:}
        -: 1103:#else
        -: 1104:;
        -: 1105:#endif
        -: 1106:
        -: 1107:#	endif
        -: 1108:
        -: 1109:/* Assume that S has enough space.
        -: 1110: * Use jstr_asprintf.to grow S. */
        -: 1111:JSTR_ATTR_FORMAT(printf, 4, 5)
        -: 1112:JSTR_FUNC
        -: 1113:jstr_ret_ty
     2560: 1114:jstr_sprintf(char *R *R s, size_t *R sz, size_t *R cap, const char *R fmt, ...) JSTR_NOEXCEPT
        -: 1115:#ifdef JSTR_IMPLEMENTATION
        -: 1116:{
        -: 1117:	va_list ap;
     2560: 1118:	va_start(ap, fmt);
     2560: 1119:	const int ret = vsprintf(*s, fmt, ap);
     2560: 1120:	va_end(ap);
     2560: 1121:	if (jstr_unlikely(ret < 0))
    #####: 1122:		JSTR_RETURN_ERR(JSTR_RET_ERR);
     2560: 1123:	*sz = (size_t)ret;
     2560: 1124:	return JSTR_RET_SUCC;
        -: 1125:	(void)cap;
        -: 1126:}
        -: 1127:#else
        -: 1128:;
        -: 1129:#endif
        -: 1130:
        -: 1131:/* Assume that S has enough space.
        -: 1132: * Use jstr_asprintf.to grow S. */
        -: 1133:JSTR_ATTR_FORMAT(printf, 2, 3)
        -: 1134:JSTR_FUNC
        -: 1135:jstr_ret_ty
    #####: 1136:jstr_sprintf_j(jstr_ty *R j, const char *R fmt, ...) JSTR_NOEXCEPT
        -: 1137:#ifdef JSTR_IMPLEMENTATION
        -: 1138:{
        -: 1139:	va_list ap;
    #####: 1140:	va_start(ap, fmt);
    #####: 1141:	const int ret = vsprintf(j->data, fmt, ap);
    #####: 1142:	va_end(ap);
    #####: 1143:	if (jstr_unlikely(ret < 0))
    #####: 1144:		JSTR_RETURN_ERR(JSTR_RET_ERR);
    #####: 1145:	j->size = (size_t)ret;
    #####: 1146:	return JSTR_RET_SUCC;
        -: 1147:}
        -: 1148:#else
        -: 1149:;
        -: 1150:#endif
        -: 1151:
        -: 1152:/* Assume that S has enough space.
        -: 1153: * Use jstr_asprintf.to grow S. */
        -: 1154:JSTR_ATTR_FORMAT(printf, 5, 6)
        -: 1155:JSTR_FUNC
        -: 1156:jstr_ret_ty
     2560: 1157:jstr_sprintf_from(char *R *R s, size_t *R sz, size_t *R cap, size_t start_idx, const char *R fmt, ...) JSTR_NOEXCEPT
        -: 1158:#ifdef JSTR_IMPLEMENTATION
        -: 1159:{
        -: 1160:	va_list ap;
     2560: 1161:	va_start(ap, fmt);
     2560: 1162:	const int ret = vsprintf(*s + start_idx, fmt, ap);
     2560: 1163:	va_end(ap);
     2560: 1164:	if (jstr_unlikely(ret < 0))
    #####: 1165:		JSTR_RETURN_ERR(JSTR_RET_ERR);
     2560: 1166:	*sz = (size_t)ret + start_idx;
     2560: 1167:	return JSTR_RET_SUCC;
        -: 1168:	(void)cap;
        -: 1169:}
        -: 1170:#else
        -: 1171:;
        -: 1172:#endif
        -: 1173:
        -: 1174:/* Assume that S has enough space.
        -: 1175: * Use jstr_asprintf.to grow S. */
        -: 1176:JSTR_ATTR_FORMAT(printf, 3, 4)
        -: 1177:JSTR_FUNC
        -: 1178:jstr_ret_ty
    #####: 1179:jstr_sprintf_from_j(jstr_ty *R j, size_t start_idx, const char *R fmt, ...) JSTR_NOEXCEPT
        -: 1180:#ifdef JSTR_IMPLEMENTATION
        -: 1181:{
        -: 1182:	va_list ap;
    #####: 1183:	va_start(ap, fmt);
    #####: 1184:	const int ret = vsprintf(j->data + start_idx, fmt, ap);
    #####: 1185:	va_end(ap);
    #####: 1186:	if (jstr_unlikely(ret < 0))
    #####: 1187:		JSTR_RETURN_ERR(JSTR_RET_ERR);
    #####: 1188:	j->size = (size_t)ret + start_idx;
    #####: 1189:	return JSTR_RET_SUCC;
        -: 1190:}
        -: 1191:#else
        -: 1192:;
        -: 1193:#endif
        -: 1194:
        -: 1195:JSTR_INTERNAL_END_DECLS
        -: 1196:
        -: 1197:#	undef R
        -: 1198:
        -: 1199:#endif /* JSTR_BUILDER_H */
