        -:    0:Source:include/internal/musl/stdstring.h
        -:    0:Graph:/home/james/.local/src/iakobvs-workspace/jstring/build/obj/string.gcno
        -:    0:Data:/home/james/.local/src/iakobvs-workspace/jstring/build/obj/string.gcda
        -:    0:Runs:39
        -:    1:/* SPDX-License-Identifier: MIT */
        -:    2:/* Taken from or based on musl's string functions with modifications.
        -:    3: * Copyright © 2005-2020 Rich Felker, et al.
        -:    4: *
        -:    5: * Permission is hereby granted, free of charge, to any person obtaining
        -:    6: * a copy of this software and associated documentation files (the
        -:    7: * "Software"), to deal in the Software without restriction, including
        -:    8: * without limitation the rights to use, copy, modify, merge, publish,
        -:    9: * distribute, sublicense, and/or sell copies of the Software, and to
        -:   10: * permit persons to whom the Software is furnished to do so, subject to
        -:   11: * the following conditions:
        -:   12: *
        -:   13: * The above copyright notice and this permission notice shall be
        -:   14: * included in all copies or substantial portions of the Software.
        -:   15: *
        -:   16: * THE SOFTWARE IS PROVIDED "AS IS", WITHOUT WARRANTY OF ANY KIND,
        -:   17: * EXPRESS OR IMPLIED, INCLUDING BUT NOT LIMITED TO THE WARRANTIES OF
        -:   18: * MERCHANTABILITY, FITNESS FOR A PARTICULAR PURPOSE AND NONINFRINGEMENT.
        -:   19: * IN NO EVENT SHALL THE AUTHORS OR COPYRIGHT HOLDERS BE LIABLE FOR ANY
        -:   20: * CLAIM, DAMAGES OR OTHER LIABILITY, WHETHER IN AN ACTION OF CONTRACT,
        -:   21: * TORT OR OTHERWISE, ARISING FROM, OUT OF OR IN CONNECTION WITH THE
        -:   22: * SOFTWARE OR THE USE OR OTHER DEALINGS IN THE SOFTWARE. */
        -:   23:
        -:   24:#ifndef JSTR_INTERNAL_MUSL_H
        -:   25:#define JSTR_INTERNAL_MUSL_H
        -:   26:
        -:   27:#include "../../macros.h"
        -:   28:
        -:   29:#ifndef JSTR_HAVE_SIMD
        -:   30:#	if defined __AVX512BW__ || defined __AVX2__ || defined __SSE2__
        -:   31:#		define JSTR_HAVE_SIMD 1
        -:   32:#		include "../simd.h"
        -:   33:#	endif
        -:   34:#endif
        -:   35:
        -:   36:JSTR_INTERNAL_BEGIN_DECLS
        -:   37:#include <limits.h>
        -:   38:JSTR_INTERNAL_END_DECLS
        -:   39:
        -:   40:#include "../../ctype.h"
        -:   41:#include "../../stdstring.h"
        -:   42:
        -:   43:#define SS         (sizeof(size_t))
        -:   44:#define ALIGN      (sizeof(size_t) - 1)
        -:   45:#define ONES       ((size_t)-1 / UCHAR_MAX)
        -:   46:#define HIGHS      (ONES * (UCHAR_MAX / 2 + 1))
        -:   47:#define HASZERO(x) (((x) - ONES) & ~(x) & HIGHS)
        -:   48:
        -:   49:JSTR_INTERNAL_BEGIN_DECLS
        -:   50:
        -:   51:JSTR_ATTR_NO_SANITIZE_ADDRESS
        -:   52:JSTR_ATTR_ACCESS((__read_only__, 1, 3))
        -:   53:JSTR_FUNC_PURE
        -:   54:static void *
    #####:   55:jstr_internal_memrchr_musl(const void *s, int c, size_t n)
        -:   56:JSTR_NOEXCEPT
        -:   57:{
    #####:   58:	const unsigned char *p = (const unsigned char *)s + n - 1;
    #####:   59:	c = (unsigned char)c;
        -:   60:#if JSTR_HAVE_ATTR_MAY_ALIAS
    #####:   61:	for (; (uintptr_t)(p + 1) & ALIGN; n--, p--) {
    #####:   62:		if (jstr_unlikely(n == 0))
    #####:   63:			return NULL;
    #####:   64:		if (*p == c)
    #####:   65:			return (char *)p;
        -:   66:	}
    #####:   67:	if (n >= SS && *p != c) {
        -:   68:		typedef size_t JSTR_ATTR_MAY_ALIAS word;
    #####:   69:		const word *ws = (const word *)(p - SS + 1);
    #####:   70:		const size_t k = ONES * (unsigned char)c;
    #####:   71:		for (word w = *ws; n >= SS && !HASZERO(w ^ k); w = *--ws, n -= SS) {}
    #####:   72:		p = (unsigned char *)ws + SS - 1;
        -:   73:	}
        -:   74:#endif
    #####:   75:	for (; n--; p--)
    #####:   76:		if (*p == c)
    #####:   77:			return (char *)p;
    #####:   78:	return NULL;
        -:   79:}
        -:   80:
        -:   81:JSTR_ATTR_NO_SANITIZE_ADDRESS
        -:   82:JSTR_FUNC_PURE
        -:   83:static char *
    #####:   84:jstr_internal_strcasechrnul_musl(const char *s, int c)
        -:   85:JSTR_NOEXCEPT
        -:   86:{
    #####:   87:	const unsigned char *p = (const unsigned char *)s;
    #####:   88:	c = jstr_tolower(c);
        -:   89:#if JSTR_HAVE_ATTR_MAY_ALIAS
        -:   90:	typedef size_t JSTR_ATTR_MAY_ALIAS word;
    #####:   91:	for (; (uintptr_t)p % ALIGN; p++)
    #####:   92:		if (jstr_unlikely(*p == '\0') || jstr_tolower(*p) == c)
    #####:   93:			return (char *)p;
    #####:   94:	const size_t k = ONES * (unsigned char)c;
    #####:   95:	const size_t l = ONES * (unsigned char)jstr_toupper(c);
    #####:   96:	const word *ws = (word *)p;
    #####:   97:	for (word w = *ws; !HASZERO(w) && !HASZERO(w ^ k) && !HASZERO(w ^ l); w = *++ws) {}
    #####:   98:	p = (unsigned char *)ws;
        -:   99:#endif
    #####:  100:	for (; *p && jstr_tolower(*p) != c; p++) {}
    #####:  101:	return (char *)p;
        -:  102:}
        -:  103:
        -:  104:JSTR_ATTR_NO_SANITIZE_ADDRESS
        -:  105:JSTR_FUNC_PURE
        -:  106:static void *
    #####:  107:jstr_internal_memcasechr_musl(const void *s, int c, size_t n)
        -:  108:JSTR_NOEXCEPT
        -:  109:{
    #####:  110:	const unsigned char *p = (const unsigned char *)s;
    #####:  111:	c = jstr_tolower(c);
        -:  112:#if JSTR_HAVE_ATTR_MAY_ALIAS
    #####:  113:	if (n >= sizeof(size_t) && jstr_tolower(*p) != c) {
        -:  114:		typedef size_t JSTR_ATTR_MAY_ALIAS word;
    #####:  115:		for (; (uintptr_t)p % ALIGN; n--, ++p) {
    #####:  116:			if (jstr_unlikely(n == 0))
    #####:  117:				return NULL;
    #####:  118:			if (jstr_tolower(*p) == c)
    #####:  119:				return (char *)p;
        -:  120:		}
    #####:  121:		const size_t k = ONES * (unsigned char)c;
    #####:  122:		const size_t l = ONES * (unsigned char)jstr_toupper(c);
    #####:  123:		const word *ws = (word *)p;
    #####:  124:		for (word w = *ws; n >= sizeof(size_t) && !HASZERO(w ^ k) && !HASZERO(w ^ l); n -= sizeof(size_t), w = *++ws) {}
    #####:  125:		p = (unsigned char *)ws;
        -:  126:	}
        -:  127:#endif
    #####:  128:	for (; n && jstr_tolower(*p) != c; n--, ++p) {}
    #####:  129:	return n ? (void *)p : NULL;
        -:  130:}
        -:  131:
        -:  132:JSTR_ATTR_NO_SANITIZE_ADDRESS
        -:  133:JSTR_FUNC_PURE
        -:  134:static char *
    #####:  135:jstr_internal_strnchr_musl(const char *s, int c, size_t n)
        -:  136:JSTR_NOEXCEPT
        -:  137:{
        -:  138:#if JSTR_HAVE_ATTR_MAY_ALIAS
    #####:  139:	for (; (uintptr_t)s & ALIGN; n--, s++) {
    #####:  140:		if (jstr_unlikely(*s == '\0') || jstr_unlikely(n == 0))
    #####:  141:			return NULL;
    #####:  142:		if (*s == (char)c)
    #####:  143:			return (char *)s;
        -:  144:	}
    #####:  145:	if (n >= SS && *s != (char)c) {
        -:  146:		typedef size_t JSTR_ATTR_MAY_ALIAS word;
    #####:  147:		const size_t k = ONES * (unsigned char)c;
    #####:  148:		const word *ws = (const word *)s;
    #####:  149:		for (word w = *ws; n >= SS && !HASZERO(w) && !HASZERO(w ^ k); w = *++ws, n -= SS) {}
    #####:  150:		s = (const char *)ws;
        -:  151:	}
        -:  152:#endif
    #####:  153:	for (; n && *s && *s != (char)c; s++, n--) {}
    #####:  154:	return n ? (char *)s : NULL;
        -:  155:}
        -:  156:
        -:  157:JSTR_ATTR_NO_SANITIZE_ADDRESS
        -:  158:JSTR_FUNC_PURE
        -:  159:static char *
    #####:  160:jstr_internal_strncasechr_musl(const char *s, int c, size_t n)
        -:  161:JSTR_NOEXCEPT
        -:  162:{
    #####:  163:	const unsigned char *p = (const unsigned char *)s;
    #####:  164:	c = jstr_tolower(c);
        -:  165:#if JSTR_HAVE_ATTR_MAY_ALIAS
    #####:  166:	for (; (uintptr_t)p & ALIGN; n--, p++) {
    #####:  167:		if (jstr_unlikely(*p == '\0') || jstr_unlikely(n == 0))
    #####:  168:			return NULL;
    #####:  169:		if (jstr_tolower(*p) == c)
    #####:  170:			return (char *)p;
        -:  171:	}
    #####:  172:	if (n >= SS && jstr_tolower(*p) != c) {
        -:  173:		typedef size_t JSTR_ATTR_MAY_ALIAS word;
    #####:  174:		const size_t k = ONES * (unsigned char)c;
    #####:  175:		const size_t l = ONES * (unsigned char)jstr_toupper(c);
    #####:  176:		const word *ws = (const word *)p;
    #####:  177:		for (word w = *ws; n >= SS && !HASZERO(w) && !HASZERO(w ^ k) && !HASZERO(w ^ l); w = *++ws, n -= SS) {}
    #####:  178:		p = (const unsigned char *)ws;
        -:  179:	}
        -:  180:#endif
    #####:  181:	for (; n && *p && jstr_tolower(*p) != c; p++, n--) {}
    #####:  182:	return n ? (char *)p : NULL;
        -:  183:}
        -:  184:
        -:  185:#define BITOP(a, b, op) \
        -:  186:	((a)[(size_t)(b) / (8 * sizeof *(a))] op(size_t) 1 << ((size_t)(b) % (8 * sizeof *(a))))
        -:  187:
        -:  188:JSTR_FUNC_PURE
        -:  189:static size_t
    #####:  190:jstr_internal_memspn_musl(const void *s, const char *c, size_t n)
        -:  191:JSTR_NOEXCEPT
        -:  192:{
    #####:  193:	const unsigned char *p = (const unsigned char *)s;
    #####:  194:	const unsigned char *a = p;
    #####:  195:	if (!c[0])
    #####:  196:		return 0;
    #####:  197:	if (!c[1]) {
    #####:  198:		for (; *p == *c; p++) {}
    #####:  199:		return (size_t)(p - a);
        -:  200:	}
        -:  201:	size_t byteset[32 / sizeof(size_t)];
    #####:  202:	memset(byteset, 0, sizeof byteset);
    #####:  203:	for (; *c && BITOP(byteset, *(unsigned char *)c, |=); c++) {}
    #####:  204:	for (; n-- && BITOP(byteset, *(unsigned char *)p, &); p++) {}
    #####:  205:	return (size_t)(p - a);
        -:  206:}
        -:  207:
        -:  208:JSTR_FUNC_PURE
        -:  209:static size_t
    #####:  210:jstr_internal_memcspn_musl(const void *s, const char *c, size_t n)
        -:  211:JSTR_NOEXCEPT
        -:  212:{
    #####:  213:	const unsigned char *p = (const unsigned char *)s;
    #####:  214:	const unsigned char *a = p;
    #####:  215:	if (!c[0] || !c[1]) {
    #####:  216:		p = (const unsigned char *)memchr(p, *c, n);
    #####:  217:		return (p ? (size_t)(p - a) : n);
        -:  218:	}
        -:  219:	size_t byteset[32 / sizeof(size_t)];
    #####:  220:	memset(byteset, 0, sizeof byteset);
    #####:  221:	for (; *c && BITOP(byteset, *(unsigned char *)c, |=); c++) {}
    #####:  222:	for (; n-- && !BITOP(byteset, *(unsigned char *)p, &); p++) {}
    #####:  223:	return (size_t)(p - a);
        -:  224:}
        -:  225:
        -:  226:JSTR_FUNC_PURE
        -:  227:static size_t
    #####:  228:jstr_internal_memrspn_musl(const void *s, const char *c, size_t n)
        -:  229:JSTR_NOEXCEPT
        -:  230:{
    #####:  231:	const unsigned char *p = (const unsigned char *)s;
    #####:  232:	if (!c[0])
    #####:  233:		return 0;
    #####:  234:	p += (n - 1);
    #####:  235:	if (!c[1]) {
    #####:  236:		for (; n && *p == *c; n--, p--) {}
    #####:  237:		return n;
        -:  238:	}
        -:  239:	size_t byteset[32 / sizeof(size_t)];
    #####:  240:	memset(byteset, 0, sizeof byteset);
    #####:  241:	for (; *c && BITOP(byteset, *(unsigned char *)c, |=); c++) {}
    #####:  242:	for (; n && BITOP(byteset, *(unsigned char *)p, &); n--, p--) {}
    #####:  243:	return n;
        -:  244:}
        -:  245:
        -:  246:JSTR_FUNC_PURE
        -:  247:static size_t
    #####:  248:jstr_internal_memrcspn_musl(const void *s, const char *c, size_t n)
        -:  249:JSTR_NOEXCEPT
        -:  250:{
    #####:  251:	const unsigned char *p = (const unsigned char *)s;
    #####:  252:	if (!c[0])
    #####:  253:		return n;
    #####:  254:	if (!c[1]) {
        -:  255:#if 1
    #####:  256:		p += (n - 1);
    #####:  257:		for (; n && *p != *c; n--, p--) {}
    #####:  258:		return n;
        -:  259:		/* TODO: figure out why using memrchr fails test */
        -:  260:#else
        -:  261:		const unsigned char *end = p + n;
        -:  262:#	if JSTR_HAVE_MEMRCHR
        -:  263:		p = (const unsigned char *)memrchr(p, *c, n);
        -:  264:#	elif JSTR_HAVE_SIMD
        -:  265:		p = (const unsigned char *)jstr_internal_simd_memrchr(p, *c, n);
        -:  266:#	else
        -:  267:		p = (const unsigned char *)jstr_internal_memrchr_musl(p, *c, n);
        -:  268:#	endif
        -:  269:		return p ? (size_t)(end - p) : 0;
        -:  270:#endif
        -:  271:	}
    #####:  272:	p += (n - 1);
        -:  273:	size_t byteset[32 / sizeof(size_t)];
    #####:  274:	memset(byteset, 0, sizeof byteset);
    #####:  275:	for (; *c && BITOP(byteset, *(unsigned char *)c, |=); c++) {}
    #####:  276:	for (; n && !BITOP(byteset, *(unsigned char *)p, &); n--, p--) {}
    #####:  277:	return n;
        -:  278:}
        -:  279:
        -:  280:#undef BITOP
        -:  281:
        -:  282:JSTR_INTERNAL_END_DECLS
        -:  283:
        -:  284:#undef SS
        -:  285:#undef ALIGN
        -:  286:#undef ONES
        -:  287:#undef HIGHS
        -:  288:#undef HASZERO
        -:  289:
        -:  290:#endif /* JSTR_INTERNAL_MUSL_H */
