        -:    0:Source:tests/test-regex-compile.c
        -:    0:Graph:/home/james/.local/src/iakobvs-workspace/jstring/build/tests/test-regex-compile.gcno
        -:    0:Data:/home/james/.local/src/iakobvs-workspace/jstring/build/tests/test-regex-compile.gcda
        -:    0:Runs:1
        -:    1:/* SPDX-License-Identifier: MIT */
        -:    2:/* Copyright (c) 2023-2026 James Tirta Halim <tirtajames45 at gmail dot com> */
        -:    3:
        -:    4:/* Fixes regex.h problems with tcc */
        -:    5:#define __STDC_NO_VLA__ 1
        -:    6:
        -:    7:#include "test.h"
        -:    8:#include "../include/regex.h"
        -:    9:
        -:   10:int
        1:   11:main(int argc, char **argv)
        -:   12:{
        -:   13:	START();
        -:   14:	{
        -:   15:		jstr_re_ty preg;
        -:   16:		/* Valid pattern compiles successfully. */
       1*:   17:		assert(!jstr_re_chkcomp(jstr_re_comp(&preg, "[a-z]", 0)));
       1*:   18:		assert(preg.cflags == 0);
        1:   19:		jstr_re_free(&preg);
        -:   20:	}
        -:   21:	{
        -:   22:		jstr_re_ty preg;
        -:   23:		/* Extended regex. */
       1*:   24:		assert(!jstr_re_chkcomp(jstr_re_comp(&preg, "[a-z]+", JSTR_RE_CF_EXTENDED)));
       1*:   25:		assert(preg.cflags == JSTR_RE_CF_EXTENDED);
        1:   26:		jstr_re_free(&preg);
        -:   27:	}
        -:   28:	{
        -:   29:		jstr_re_ty preg;
        -:   30:		/* Case insensitive. */
       1*:   31:		assert(!jstr_re_chkcomp(jstr_re_comp(&preg, "[a-z]", JSTR_RE_CF_ICASE)));
       1*:   32:		assert(preg.cflags == JSTR_RE_CF_ICASE);
        1:   33:		jstr_re_free(&preg);
        -:   34:	}
        -:   35:	{
        -:   36:		jstr_re_ty preg;
        -:   37:		/* Newline-sensitive. */
       1*:   38:		assert(!jstr_re_chkcomp(jstr_re_comp(&preg, "^hello", JSTR_RE_CF_NEWLINE)));
       1*:   39:		assert(preg.cflags == JSTR_RE_CF_NEWLINE);
        1:   40:		jstr_re_free(&preg);
        -:   41:	}
        -:   42:	{
        -:   43:		jstr_re_ty preg;
        -:   44:		/* Multiple flags combined. */
       1*:   45:		assert(!jstr_re_chkcomp(jstr_re_comp(&preg, "[a-z]+", JSTR_RE_CF_EXTENDED | JSTR_RE_CF_ICASE)));
       1*:   46:		assert(preg.cflags == (JSTR_RE_CF_EXTENDED | JSTR_RE_CF_ICASE));
        1:   47:		jstr_re_free(&preg);
        -:   48:	}
        -:   49:	{
        -:   50:		jstr_re_ty preg;
        -:   51:		/* jstr_re_chkcomp returns true on compile error. */
       1*:   52:		assert(jstr_re_chkcomp(jstr_re_comp(&preg, "[", 0)));
        -:   53:		/* Even on error, we should still free (regfree is safe on bad state). */
        1:   54:		jstr_re_free(&preg);
        -:   55:	}
        -:   56:	{
        -:   57:		/* jstr_re_ty preg; */
        -:   58:		/* jstr_re_chkexec returns false for NOERROR. */
        -:   59:		assert(!jstr_re_chkexec(JSTR_RE_RET_NOERROR));
        -:   60:		/* jstr_re_chkexec returns false for NOMATCH (not an error). */
        -:   61:		assert(!jstr_re_chkexec(JSTR_RE_RET_NOMATCH));
        -:   62:		/* jstr_re_chkexec returns true for compile errors. */
        -:   63:		assert(jstr_re_chkexec(JSTR_RE_RET_BADPAT));
        -:   64:		/* jstr_re_chk returns true for negative (runtime error from _exec functions). */
        -:   65:		assert(jstr_re_chk(-1));
        -:   66:		assert(jstr_re_chk(-JSTR_RE_RET_ESPACE));
        -:   67:		/* jstr_re_chk returns false for zero or positive. */
        -:   68:		assert(!jstr_re_chk(0));
        -:   69:		assert(!jstr_re_chk(1));
        -:   70:		assert(!jstr_re_chk(JSTR_RE_RET_NOERROR));
        -:   71:		assert(!jstr_re_chk(JSTR_RE_RET_NOMATCH));
        -:   72:	}
        -:   73:	{
        -:   74:		jstr_re_ty preg;
        -:   75:		/* Compile then match a pattern via jstr_re_exec. */
       1*:   76:		assert(!jstr_re_chkcomp(jstr_re_comp(&preg, "hello", 0)));
       1*:   77:		assert(jstr_re_exec(&preg, "hello", 0, NULL, 0) == JSTR_RE_RET_NOERROR);
       1*:   78:		assert(jstr_re_exec(&preg, "world", 0, NULL, 0) == JSTR_RE_RET_NOMATCH);
        1:   79:		jstr_re_free(&preg);
        -:   80:	}
        -:   81:	{
        -:   82:		jstr_re_ty preg;
        -:   83:		/* jstr_re_chkcomp allows checking compile error correctly. */
       1*:   84:		assert(jstr_re_chkcomp(jstr_re_comp(&preg, "\\", 0)));
        1:   85:		jstr_re_free(&preg);
        -:   86:	}
        -:   87:	{
        -:   88:		/* Two frees in a row on the same preg (should be safe, even if
        -:   89:		 * redundant). */
        -:   90:		jstr_re_ty preg;
       1*:   91:		assert(!jstr_re_chkcomp(jstr_re_comp(&preg, "abc", 0)));
        1:   92:		jstr_re_free(&preg);
        -:   93:	}
        -:   94:	SUCCESS();
        1:   95:	return 0;
        -:   96:	(void)argc;
        -:   97:}
