        -:    0:Source:tests/test-regex-backref.c
        -:    0:Graph:/home/james/.local/src/iakobvs-workspace/jstring/build/tests/test-regex-backref.gcno
        -:    0:Data:/home/james/.local/src/iakobvs-workspace/jstring/build/tests/test-regex-backref.gcda
        -:    0:Runs:1
        -:    1:/* SPDX-License-Identifier: MIT */
        -:    2:/* Copyright (c) 2023-2026 James Tirta Halim <tirtajames45 at gmail dot com> */
        -:    3:
        -:    4:/* Fixes regex.h problems with tcc */
        -:    5:#define __STDC_NO_VLA__ 1
        -:    6:
        -:    7:#include "test.h"
        -:    8:#include "../include/regex.h"
        -:    9:
        -:   10:#define T_ASSERT(func, result, expected)                                                                           \
        -:   11:	do {                                                                                                       \
        -:   12:		ASSERT_RESULT(func, (result).size == strlen(expected), (result).data, expected);                   \
        -:   13:		ASSERT_RESULT(func, memcmp((result).data, expected, (result).size) == 0, (result).data, expected); \
        -:   14:	} while (0)
        -:   15:#define FILL(result, str)                                                                     \
        -:   16:	do {                                                                                  \
        -:   17:		(void)jstr_shrink_to_fit(&result.data, &result.size, &result.capacity);             \
        -:   18:		assert(!jstr_chk(jstr_assign_len(jstr_struct(&(result)), str, strlen(str)))); \
        -:   19:	} while (0)
        -:   20:#define T_RPLC_BREF(func, result, expected, expected_n)  \
        -:   21:	do {                                             \
        -:   22:		TESTING(func);                           \
        -:   23:		jstr_re_off_ty ret_n_ = func;            \
        -:   24:		T_ASSERT(func, result, expected);          \
        -:   25:		ASSERT_ERRFUNC(func, ret_n_ == expected_n); \
        -:   26:		(result).size = 0;                           \
        -:   27:		*(result).data = '\0';                       \
        -:   28:	} while (0)
        -:   29:
        -:   30:int
        1:   31:main(int argc, char **argv)
        -:   32:{
        -:   33:	START();
        1:   34:	jstr_ty result = JSTR_INIT;
        -:   35:	{
        -:   36:		/* jstr_re_rplcn_backref_len_exec: replace with backref \1. */
        -:   37:		jstr_re_ty preg;
       1*:   38:		assert(!jstr_re_chkcomp(jstr_re_comp(&preg, "\\([a-z]\\{1,\\}\\)", 0)));
        -:   39:
       1*:   40:		FILL(result, "hello_world");
       1*:   41:		T_RPLC_BREF(jstr_re_rplcn_backref_len_exec(&preg, jstr_struct(&result), "\\1\\1", 4, 0, 2, (size_t)-1),
        -:   42:			result, "hellohello_worldworld", 2);
        -:   43:
        1:   44:		jstr_re_free(&preg);
        -:   45:	}
        -:   46:	{
        -:   47:		/* jstr_re_rplcn_backref_len_exec: with explicit n limit. */
        -:   48:		jstr_re_ty preg;
       1*:   49:		assert(!jstr_re_chkcomp(jstr_re_comp(&preg, "\\([a-z]\\{1,\\}\\)", 0)));
        -:   50:
       1*:   51:		FILL(result, "hello_world_foo");
       1*:   52:		T_RPLC_BREF(jstr_re_rplcn_backref_len_exec(&preg, jstr_struct(&result), "\\1\\1", 4, 0, 2, 2),
        -:   53:			result, "hellohello_worldworld_foo", 2);
        -:   54:
       1*:   55:		FILL(result, "hello_world_foo");
       1*:   56:		T_RPLC_BREF(jstr_re_rplcn_backref_len_exec(&preg, jstr_struct(&result), "\\1\\1", 4, 0, 2, 0),
        -:   57:			result, "hello_world_foo", 0);
        -:   58:
        1:   59:		jstr_re_free(&preg);
        -:   60:	}
        -:   61:	{
        -:   62:		/* jstr_re_rplcn_backref_len_exec (from, with start_idx). */
        -:   63:		jstr_re_ty preg;
       1*:   64:		assert(!jstr_re_chkcomp(jstr_re_comp(&preg, "\\([a-z]\\{1,\\}\\)", 0)));
        -:   65:
       1*:   66:		FILL(result, "hello_world_foo");
       1*:   67:		T_RPLC_BREF(jstr_re_rplcn_backref_len_from_exec(&preg, jstr_struct(&result), 6, "\\1\\1", 4, 0, 2, (size_t)-1),
        -:   68:			result, "hello_worldworld_foofoo", 2);
        -:   69:
        1:   70:		jstr_re_free(&preg);
        -:   71:	}
        -:   72:	{
        -:   73:		/* jstr_re_rplc_backref_len_exec: replace first match with backref. */
        -:   74:		jstr_re_ty preg;
       1*:   75:		assert(!jstr_re_chkcomp(jstr_re_comp(&preg, "\\([a-z]\\{1,\\}\\)", 0)));
        -:   76:
       1*:   77:		FILL(result, "hello_world");
       1*:   78:		T_RPLC_BREF(jstr_re_rplc_backref_len_exec(&preg, jstr_struct(&result), "\\1\\1", 4, 0, 2),
        -:   79:			result, "hellohello_world", 1);
        -:   80:
        1:   81:		jstr_re_free(&preg);
        -:   82:	}
        -:   83:	{
        -:   84:		/* jstr_re_rplc_backref_len_from_exec: replace first match from
        -:   85:		 * start_idx with backref. */
        -:   86:		jstr_re_ty preg;
       1*:   87:		assert(!jstr_re_chkcomp(jstr_re_comp(&preg, "\\([a-z]\\{1,\\}\\)", 0)));
        -:   88:
       1*:   89:		FILL(result, "hello_world_foo");
       1*:   90:		T_RPLC_BREF(jstr_re_rplc_backref_len_from_exec(&preg, jstr_struct(&result), 6, "\\1\\1", 4, 0, 2),
        -:   91:			result, "hello_worldworld_foo", 1);
        -:   92:
        1:   93:		jstr_re_free(&preg);
        -:   94:	}
        -:   95:	{
        -:   96:		/* jstr_re_rplcall_backref_len_exec: replace all matches with backref. */
        -:   97:		jstr_re_ty preg;
       1*:   98:		assert(!jstr_re_chkcomp(jstr_re_comp(&preg, "\\([a-z]\\{1,\\}\\)", 0)));
        -:   99:
       1*:  100:		FILL(result, "hello_world");
       1*:  101:		T_RPLC_BREF(jstr_re_rplcall_backref_len_exec(&preg, jstr_struct(&result), "\\1\\1", 4, 0, 2),
        -:  102:			result, "hellohello_worldworld", 2);
        -:  103:
        1:  104:		jstr_re_free(&preg);
        -:  105:	}
        -:  106:	{
        -:  107:		/* jstr_re_rplcall_backref_len_from_exec: replace all matches from
        -:  108:		 * start_idx with backref. */
        -:  109:		jstr_re_ty preg;
       1*:  110:		assert(!jstr_re_chkcomp(jstr_re_comp(&preg, "\\([a-z]\\{1,\\}\\)", 0)));
        -:  111:
       1*:  112:		FILL(result, "hello_world_foo");
       1*:  113:		T_RPLC_BREF(jstr_re_rplcall_backref_len_from_exec(&preg, jstr_struct(&result), 6, "\\1\\1", 4, 0, 2),
        -:  114:			result, "hello_worldworld_foofoo", 2);
        -:  115:
       1*:  116:		FILL(result, "hello_world_foo");
       1*:  117:		T_RPLC_BREF(jstr_re_rplcall_backref_len_from_exec(&preg, jstr_struct(&result), 0, "\\1\\1", 4, 0, 2),
        -:  118:			result, "hellohello_worldworld_foofoo", 3);
        -:  119:
        1:  120:		jstr_re_free(&preg);
        -:  121:	}
        -:  122:	{
        -:  123:		/* Backref with multiple capture groups: \1 and \2. */
        -:  124:		jstr_re_ty preg;
       1*:  125:		assert(!jstr_re_chkcomp(jstr_re_comp(&preg, "\\([a-z]\\{1,\\}\\)_\\([a-z]\\{1,\\}\\)", 0)));
        -:  126:
       1*:  127:		FILL(result, "hello_world_foo_bar");
       1*:  128:		T_RPLC_BREF(jstr_re_rplcall_backref_len_exec(&preg, jstr_struct(&result), "\\1\\2", 4, 0, 3),
        -:  129:			result, "helloworld_foobar", 2);
        -:  130:
        1:  131:		jstr_re_free(&preg);
        -:  132:	}
        -:  133:	{
        -:  134:		/* Backref with prefix text before \1. */
        -:  135:		jstr_re_ty preg;
       1*:  136:		assert(!jstr_re_chkcomp(jstr_re_comp(&preg, "\\([a-z]\\{1,\\}\\)", 0)));
        -:  137:
       1*:  138:		FILL(result, "hello_world");
       1*:  139:		T_RPLC_BREF(jstr_re_rplcall_backref_len_exec(&preg, jstr_struct(&result), "P\\1\\1", 5, 0, 2),
        -:  140:			result, "Phellohello_Pworldworld", 2);
        -:  141:
        1:  142:		jstr_re_free(&preg);
        -:  143:	}
        -:  144:	{
        -:  145:		/* Backref with suffix text after \1. */
        -:  146:		jstr_re_ty preg;
       1*:  147:		assert(!jstr_re_chkcomp(jstr_re_comp(&preg, "\\([a-z]\\{1,\\}\\)", 0)));
        -:  148:
       1*:  149:		FILL(result, "hello_world");
       1*:  150:		T_RPLC_BREF(jstr_re_rplcall_backref_len_exec(&preg, jstr_struct(&result), "\\1\\1Q", 5, 0, 2),
        -:  151:			result, "hellohelloQ_worldworldQ", 2);
        -:  152:
        1:  153:		jstr_re_free(&preg);
        -:  154:	}
        -:  155:	{
        -:  156:		/* Backref with escaped backslash before digit. */
        -:  157:		jstr_re_ty preg;
       1*:  158:		assert(!jstr_re_chkcomp(jstr_re_comp(&preg, "\\([a-z]\\{1,\\}\\)", 0)));
        -:  159:
       1*:  160:		FILL(result, "hello_world");
       1*:  161:		T_RPLC_BREF(jstr_re_rplcall_backref_len_exec(&preg, jstr_struct(&result), "\\1\\\\\\1", 6, 0, 2),
        -:  162:			result, "hello\\\\hello_world\\\\world", 2);
        -:  163:
        1:  164:		jstr_re_free(&preg);
        -:  165:	}
        -:  166:	{
        -:  167:		/* rplc_backref_len_from_exec with _from where start_idx is past
        -:  168:		 * some matches. */
        -:  169:		jstr_re_ty preg;
       1*:  170:		assert(!jstr_re_chkcomp(jstr_re_comp(&preg, "\\([a-z]\\{1,\\}\\)", 0)));
        -:  171:
       1*:  172:		FILL(result, "a_b_c_d");
       1*:  173:		T_RPLC_BREF(jstr_re_rplcall_backref_len_from_exec(&preg, jstr_struct(&result), 4, "\\1\\1", 4, 0, 2),
        -:  174:			result, "a_b_cc_dd", 2);
        -:  175:
        1:  176:		jstr_re_free(&preg);
        -:  177:	}
        -:  178:	{
        -:  179:		/* Backref with .* pattern: capture entire string. */
        -:  180:		jstr_re_ty preg;
       1*:  181:		assert(!jstr_re_chkcomp(jstr_re_comp(&preg, "\\(.*\\)", 0)));
        -:  182:
       1*:  183:		FILL(result, "hello_world");
       1*:  184:		T_RPLC_BREF(jstr_re_rplc_backref_len_exec(&preg, jstr_struct(&result), "\\1\\1", 4, 0, 2),
        -:  185:			result, "hello_worldhello_world", 1);
        -:  186:
        1:  187:		jstr_re_free(&preg);
        -:  188:	}
        -:  189:	{
        -:  190:		/* Backref with newline-sensitive compilation flag: anchored
        -:  191:		 * patterns should only be used with rm/rplc (single match), not
        -:  192:		 * rmn/rplcn/rplcall. */
        -:  193:		jstr_re_ty preg;
       1*:  194:		assert(!jstr_re_chkcomp(jstr_re_comp(&preg, "^\\([a-z]\\{1,\\}\\)", JSTR_RE_CF_NEWLINE)));
        -:  195:
       1*:  196:		FILL(result, "\nhello_world");
       1*:  197:		T_RPLC_BREF(jstr_re_rplc_backref_len_exec(&preg, jstr_struct(&result), "\\1\\1", 4, 0, 2),
        -:  198:			result, "\nhellohello_world", 1);
        -:  199:
        1:  200:		jstr_re_free(&preg);
        -:  201:	}
        -:  202:	{
        -:  203:		/* Backref with n=1 via rplc_backref_len_exec (single, not via
        -:  204:		 * rplcn). */
        -:  205:		jstr_re_ty preg;
       1*:  206:		assert(!jstr_re_chkcomp(jstr_re_comp(&preg, "\\([a-z]\\{1,\\}\\)", 0)));
        -:  207:
       1*:  208:		FILL(result, "hello_world_foo");
       1*:  209:		T_RPLC_BREF(jstr_re_rplc_backref_len_exec(&preg, jstr_struct(&result), "\\1\\1", 4, 0, 2),
        -:  210:			result, "hellohello_world_foo", 1);
        -:  211:
        1:  212:		jstr_re_free(&preg);
        -:  213:	}
        -:  214:	{
        -:  215:		/* Backref with rplcn_backref_len_exec from start_idx > 0. */
        -:  216:		jstr_re_ty preg;
       1*:  217:		assert(!jstr_re_chkcomp(jstr_re_comp(&preg, "\\([a-z]\\{1,\\}\\)", 0)));
        -:  218:
       1*:  219:		FILL(result, "a_b_c_d_e");
       1*:  220:		T_RPLC_BREF(jstr_re_rplcn_backref_len_from_exec(&preg, jstr_struct(&result), 4, "\\1\\1", 4, 0, 2, 2),
        -:  221:			result, "a_b_cc_dd_e", 2);
        -:  222:
        1:  223:		jstr_re_free(&preg);
        -:  224:	}
        -:  225:	{
        -:  226:		/* Backref replacement shorter than match (rplcwbackref_len < find_len). */
        -:  227:		jstr_re_ty preg;
       1*:  228:		assert(!jstr_re_chkcomp(jstr_re_comp(&preg, "\\([a-z]\\{4,\\}\\)", 0)));
        -:  229:
       1*:  230:		FILL(result, "xxxx_yyyy");
       1*:  231:		T_RPLC_BREF(jstr_re_rplcall_backref_len_exec(&preg, jstr_struct(&result), "\\1", 2, 0, 2),
        -:  232:			result, "xxxx_yyyy", 2);
        -:  233:
        1:  234:		jstr_re_free(&preg);
        -:  235:	}
        -:  236:	{
        -:  237:		/* Backref replacement longer than match. */
        -:  238:		jstr_re_ty preg;
       1*:  239:		assert(!jstr_re_chkcomp(jstr_re_comp(&preg, "\\([a-z]\\)", 0)));
        -:  240:
       1*:  241:		FILL(result, "a1b");
       1*:  242:		T_RPLC_BREF(jstr_re_rplc_backref_len_exec(&preg, jstr_struct(&result), "\\1\\1\\1", 6, 0, 2),
        -:  243:			result, "aaa1b", 1);
        -:  244:
        1:  245:		jstr_re_free(&preg);
        -:  246:	}
        -:  247:	{
        -:  248:		/* Backref with empty capture group (pattern can match empty string). */
        -:  249:		jstr_re_ty preg;
       1*:  250:		assert(!jstr_re_chkcomp(jstr_re_comp(&preg, "\\([a-z]*\\)", 0)));
        -:  251:
       1*:  252:		FILL(result, "abc");
       1*:  253:		T_RPLC_BREF(jstr_re_rplc_backref_len_exec(&preg, jstr_struct(&result), "[\\1]", 4, 0, 2),
        -:  254:			result, "[abc]", 1);
        -:  255:
        1:  256:		jstr_re_free(&preg);
        -:  257:	}
        -:  258:	{
        -:  259:		/* Backref with rplcn_backref_len_exec n=0 (no replacement). */
        -:  260:		jstr_re_ty preg;
       1*:  261:		assert(!jstr_re_chkcomp(jstr_re_comp(&preg, "\\([a-z]\\{1,\\}\\)", 0)));
        -:  262:
       1*:  263:		FILL(result, "a_b_c");
       1*:  264:		T_RPLC_BREF(jstr_re_rplcn_backref_len_exec(&preg, jstr_struct(&result), "\\1\\1", 4, 0, 2, 0),
        -:  265:			result, "a_b_c", 0);
        -:  266:
        1:  267:		jstr_re_free(&preg);
        -:  268:	}
        -:  269:	{
        -:  270:		/* Backref with rplcn_backref_len_exec n=1. */
        -:  271:		jstr_re_ty preg;
       1*:  272:		assert(!jstr_re_chkcomp(jstr_re_comp(&preg, "\\([a-z]\\{1,\\}\\)", 0)));
        -:  273:
       1*:  274:		FILL(result, "a_b_c");
       1*:  275:		T_RPLC_BREF(jstr_re_rplcn_backref_len_exec(&preg, jstr_struct(&result), "\\1\\1", 4, 0, 2, 1),
        -:  276:			result, "aa_b_c", 1);
        -:  277:
        1:  278:		jstr_re_free(&preg);
        -:  279:	}
        -:  280:	{
        -:  281:		/* Backref with _from_exec start_idx == sz (boundary, no match). */
        -:  282:		jstr_re_ty preg;
       1*:  283:		assert(!jstr_re_chkcomp(jstr_re_comp(&preg, "\\([a-z]\\{1,\\}\\)", 0)));
        -:  284:
       1*:  285:		FILL(result, "abc");
       1*:  286:		T_RPLC_BREF(jstr_re_rplc_backref_len_from_exec(&preg, jstr_struct(&result), 3, "\\1\\1", 4, 0, 2),
        -:  287:			result, "abc", 0);
        -:  288:
        1:  289:		jstr_re_free(&preg);
        -:  290:	}
        -:  291:	{
        -:  292:		/* Backref with _from_exec start_idx == sz (rplcn variant). */
        -:  293:		jstr_re_ty preg;
       1*:  294:		assert(!jstr_re_chkcomp(jstr_re_comp(&preg, "\\([a-z]\\{1,\\}\\)", 0)));
        -:  295:
       1*:  296:		FILL(result, "abc");
       1*:  297:		T_RPLC_BREF(jstr_re_rplcn_backref_len_from_exec(&preg, jstr_struct(&result), 3, "\\1\\1", 4, 0, 2, (size_t)-1),
        -:  298:			result, "abc", 0);
        -:  299:
        1:  300:		jstr_re_free(&preg);
        -:  301:	}
        -:  302:	{
        -:  303:		/* Backref with _from_exec start_idx > sz. */
        -:  304:		jstr_re_ty preg;
       1*:  305:		assert(!jstr_re_chkcomp(jstr_re_comp(&preg, "\\([a-z]\\{1,\\}\\)", 0)));
        -:  306:
       1*:  307:		FILL(result, "abc");
       1*:  308:		T_RPLC_BREF(jstr_re_rplc_backref_len_from_exec(&preg, jstr_struct(&result), 99, "\\1\\1", 4, 0, 2),
        -:  309:			result, "abc", 0);
        -:  310:
        1:  311:		jstr_re_free(&preg);
        -:  312:	}
        -:  313:	{
        -:  314:		/* Backref with empty haystack. */
        -:  315:		jstr_re_ty preg;
       1*:  316:		assert(!jstr_re_chkcomp(jstr_re_comp(&preg, "\\([a-z]\\{1,\\}\\)", 0)));
        -:  317:
       1*:  318:		FILL(result, "");
       1*:  319:		T_RPLC_BREF(jstr_re_rplc_backref_len_exec(&preg, jstr_struct(&result), "\\1\\1", 4, 0, 2),
        -:  320:			result, "", 0);
        -:  321:
        1:  322:		jstr_re_free(&preg);
        -:  323:	}
        -:  324:	{
        -:  325:		/* Backref rplcall_from_exec where start_idx skips first match. */
        -:  326:		jstr_re_ty preg;
       1*:  327:		assert(!jstr_re_chkcomp(jstr_re_comp(&preg, "\\([a-z]\\{1,\\}\\)", 0)));
        -:  328:
       1*:  329:		FILL(result, "a_b_c");
       1*:  330:		T_RPLC_BREF(jstr_re_rplcall_backref_len_from_exec(&preg, jstr_struct(&result), 2, "\\1\\1", 4, 0, 2),
        -:  331:			result, "a_bb_cc", 2);
        -:  332:
        1:  333:		jstr_re_free(&preg);
        -:  334:	}
        -:  335:	{
        -:  336:		/* Backref rplcn_backref_len_exec with start_idx past end. */
        -:  337:		jstr_re_ty preg;
       1*:  338:		assert(!jstr_re_chkcomp(jstr_re_comp(&preg, "\\([a-z]\\{1,\\}\\)", 0)));
        -:  339:
       1*:  340:		FILL(result, "a_b_c");
       1*:  341:		T_RPLC_BREF(jstr_re_rplcn_backref_len_from_exec(&preg, jstr_struct(&result), 99, "\\1\\1", 4, 0, 2, (size_t)-1),
        -:  342:			result, "a_b_c", 0);
        -:  343:
        1:  344:		jstr_re_free(&preg);
        -:  345:	}
        1:  346:	jstr_free_j(&result);
        -:  347:	SUCCESS();
        1:  348:	return 0;
        -:  349:	(void)argc;
        -:  350:}
