        -:    0:Source:tests/test-revcpy.c
        -:    0:Graph:/home/james/.local/src/iakobvs-workspace/jstring/build/tests/test-revcpy.gcno
        -:    0:Data:/home/james/.local/src/iakobvs-workspace/jstring/build/tests/test-revcpy.gcda
        -:    0:Runs:1
        -:    1:/* SPDX-License-Identifier: MIT */
        -:    2:/* Copyright (c) 2023-2026 James Tirta Halim <tirtajames45 at gmail dot com> */
        -:    3:
        -:    4:#include "test.h"
        -:    5:#include "test-array.h"
        -:    6:int
        1:    7:main(int argc, char **argv)
        -:    8:{
        -:    9:	START();
        1:   10:	T_STRCPY(jstr_revcpy_p, simple_revcpy_p, test_array_memmem);
        -:   11:	SUCCESS();
        1:   12:	return EXIT_SUCCESS;
        -:   13:}
